{"/Users/tarunkhasnavis/Desktop/kosha/lib/auth.ts": {"path":"/Users/tarunkhasnavis/Desktop/kosha/lib/auth.ts","statementMap":{"0":{"start":{"line":16,"column":19},"end":{"line":16,"column":null}},"1":{"start":{"line":17,"column":29},"end":{"line":17,"column":null}},"2":{"start":{"line":18,"column":2},"end":{"line":18,"column":null}},"3":{"start":{"line":26,"column":15},"end":{"line":26,"column":null}},"4":{"start":{"line":28,"column":2},"end":{"line":30,"column":null}},"5":{"start":{"line":29,"column":4},"end":{"line":29,"column":null}},"6":{"start":{"line":32,"column":2},"end":{"line":32,"column":null}},"7":{"start":{"line":39,"column":19},"end":{"line":39,"column":null}},"8":{"start":{"line":40,"column":32},"end":{"line":40,"column":null}},"9":{"start":{"line":41,"column":2},"end":{"line":41,"column":null}}},"fnMap":{"0":{"name":"getUser","decl":{"start":{"line":15,"column":22},"end":{"line":15,"column":32}},"loc":{"start":{"line":15,"column":32},"end":{"line":19,"column":null}},"line":15},"1":{"name":"requireAuth","decl":{"start":{"line":25,"column":22},"end":{"line":25,"column":36}},"loc":{"start":{"line":25,"column":36},"end":{"line":33,"column":null}},"line":25},"2":{"name":"getSession","decl":{"start":{"line":38,"column":22},"end":{"line":38,"column":35}},"loc":{"start":{"line":38,"column":35},"end":{"line":42,"column":null}},"line":38}},"branchMap":{"0":{"loc":{"start":{"line":28,"column":2},"end":{"line":30,"column":null}},"type":"if","locations":[{"start":{"line":28,"column":2},"end":{"line":30,"column":null}},{"start":{},"end":{}}],"line":28}},"s":{"0":0,"1":0,"2":0,"3":0,"4":0,"5":0,"6":0,"7":0,"8":0,"9":0},"f":{"0":0,"1":0,"2":0},"b":{"0":[0,0]},"meta":{"lastBranch":1,"lastFunction":3,"lastStatement":10,"seen":{"f:15:22:15:32":0,"s:16:19:16:Infinity":0,"s:17:29:17:Infinity":1,"s:18:2:18:Infinity":2,"f:25:22:25:36":1,"s:26:15:26:Infinity":3,"b:28:2:30:Infinity:undefined:undefined:undefined:undefined":0,"s:28:2:30:Infinity":4,"s:29:4:29:Infinity":5,"s:32:2:32:Infinity":6,"f:38:22:38:35":2,"s:39:19:39:Infinity":7,"s:40:32:40:Infinity":8,"s:41:2:41:Infinity":9}}}
,"/Users/tarunkhasnavis/Desktop/kosha/lib/env.ts": {"path":"/Users/tarunkhasnavis/Desktop/kosha/lib/env.ts","statementMap":{"0":{"start":{"line":3,"column":18},"end":{"line":16,"column":null}},"1":{"start":{"line":21,"column":17},"end":{"line":21,"column":null}},"2":{"start":{"line":23,"column":2},"end":{"line":28,"column":null}},"3":{"start":{"line":24,"column":4},"end":{"line":24,"column":null}},"4":{"start":{"line":25,"column":4},"end":{"line":25,"column":null}},"5":{"start":{"line":26,"column":4},"end":{"line":26,"column":null}},"6":{"start":{"line":27,"column":4},"end":{"line":27,"column":null}},"7":{"start":{"line":30,"column":2},"end":{"line":30,"column":null}},"8":{"start":{"line":33,"column":19},"end":{"line":33,"column":null}}},"fnMap":{"0":{"name":"validateEnv","decl":{"start":{"line":20,"column":9},"end":{"line":20,"column":28}},"loc":{"start":{"line":20,"column":28},"end":{"line":31,"column":null}},"line":20}},"branchMap":{"0":{"loc":{"start":{"line":23,"column":2},"end":{"line":28,"column":null}},"type":"if","locations":[{"start":{"line":23,"column":2},"end":{"line":28,"column":null}},{"start":{},"end":{}}],"line":23}},"s":{"0":0,"1":0,"2":0,"3":0,"4":0,"5":0,"6":0,"7":0,"8":0},"f":{"0":0},"b":{"0":[0,0]},"meta":{"lastBranch":1,"lastFunction":1,"lastStatement":9,"seen":{"s:3:18:16:Infinity":0,"f:20:9:20:28":0,"s:21:17:21:Infinity":1,"b:23:2:28:Infinity:undefined:undefined:undefined:undefined":0,"s:23:2:28:Infinity":2,"s:24:4:24:Infinity":3,"s:25:4:25:Infinity":4,"s:26:4:26:Infinity":5,"s:27:4:27:Infinity":6,"s:30:2:30:Infinity":7,"s:33:19:33:Infinity":8}}}
,"/Users/tarunkhasnavis/Desktop/kosha/lib/motion.ts": {"path":"/Users/tarunkhasnavis/Desktop/kosha/lib/motion.ts","statementMap":{"0":{"start":{"line":18,"column":25},"end":{"line":22,"column":null}},"1":{"start":{"line":28,"column":23},"end":{"line":33,"column":null}},"2":{"start":{"line":39,"column":23},"end":{"line":61,"column":null}},"3":{"start":{"line":67,"column":27},"end":{"line":80,"column":null}},"4":{"start":{"line":87,"column":32},"end":{"line":97,"column":null}},"5":{"start":{"line":100,"column":32},"end":{"line":121,"column":null}},"6":{"start":{"line":124,"column":33},"end":{"line":145,"column":null}},"7":{"start":{"line":148,"column":42},"end":{"line":169,"column":null}},"8":{"start":{"line":175,"column":39},"end":{"line":191,"column":null}},"9":{"start":{"line":193,"column":34},"end":{"line":215,"column":null}},"10":{"start":{"line":221,"column":34},"end":{"line":241,"column":null}},"11":{"start":{"line":247,"column":38},"end":{"line":267,"column":null}},"12":{"start":{"line":273,"column":39},"end":{"line":287,"column":null}},"13":{"start":{"line":289,"column":38},"end":{"line":313,"column":null}},"14":{"start":{"line":319,"column":38},"end":{"line":327,"column":null}},"15":{"start":{"line":333,"column":41},"end":{"line":345,"column":null}},"16":{"start":{"line":352,"column":2},"end":{"line":352,"column":null}},"17":{"start":{"line":352,"column":37},"end":{"line":352,"column":null}},"18":{"start":{"line":353,"column":2},"end":{"line":353,"column":null}},"19":{"start":{"line":368,"column":24},"end":{"line":368,"column":null}},"20":{"start":{"line":370,"column":2},"end":{"line":375,"column":null}},"21":{"start":{"line":371,"column":4},"end":{"line":374,"column":null}},"22":{"start":{"line":377,"column":2},"end":{"line":382,"column":null}}},"fnMap":{"0":{"name":"prefersReducedMotion","decl":{"start":{"line":351,"column":16},"end":{"line":351,"column":48}},"loc":{"start":{"line":351,"column":48},"end":{"line":354,"column":null}},"line":351},"1":{"name":"getMotionProps","decl":{"start":{"line":360,"column":16},"end":{"line":360,"column":null}},"loc":{"start":{"line":367,"column":2},"end":{"line":383,"column":null}},"line":367}},"branchMap":{"0":{"loc":{"start":{"line":352,"column":2},"end":{"line":352,"column":null}},"type":"if","locations":[{"start":{"line":352,"column":2},"end":{"line":352,"column":null}},{"start":{},"end":{}}],"line":352},"1":{"loc":{"start":{"line":370,"column":2},"end":{"line":375,"column":null}},"type":"if","locations":[{"start":{"line":370,"column":2},"end":{"line":375,"column":null}},{"start":{},"end":{}}],"line":370},"2":{"loc":{"start":{"line":373,"column":15},"end":{"line":373,"column":null}},"type":"binary-expr","locations":[{"start":{"line":373,"column":15},"end":{"line":373,"column":35}},{"start":{"line":373,"column":35},"end":{"line":373,"column":null}}],"line":373},"3":{"loc":{"start":{"line":378,"column":13},"end":{"line":378,"column":null}},"type":"binary-expr","locations":[{"start":{"line":378,"column":13},"end":{"line":378,"column":33}},{"start":{"line":378,"column":33},"end":{"line":378,"column":null}}],"line":378},"4":{"loc":{"start":{"line":379,"column":13},"end":{"line":379,"column":null}},"type":"binary-expr","locations":[{"start":{"line":379,"column":13},"end":{"line":379,"column":33}},{"start":{"line":379,"column":33},"end":{"line":379,"column":null}}],"line":379},"5":{"loc":{"start":{"line":380,"column":10},"end":{"line":380,"column":null}},"type":"binary-expr","locations":[{"start":{"line":380,"column":10},"end":{"line":380,"column":27}},{"start":{"line":380,"column":27},"end":{"line":380,"column":null}}],"line":380}},"s":{"0":0,"1":0,"2":0,"3":0,"4":0,"5":0,"6":0,"7":0,"8":0,"9":0,"10":0,"11":0,"12":0,"13":0,"14":0,"15":0,"16":0,"17":0,"18":0,"19":0,"20":0,"21":0,"22":0},"f":{"0":0,"1":0},"b":{"0":[0,0],"1":[0,0],"2":[0,0],"3":[0,0],"4":[0,0],"5":[0,0]},"meta":{"lastBranch":6,"lastFunction":2,"lastStatement":23,"seen":{"s:18:25:22:Infinity":0,"s:28:23:33:Infinity":1,"s:39:23:61:Infinity":2,"s:67:27:80:Infinity":3,"s:87:32:97:Infinity":4,"s:100:32:121:Infinity":5,"s:124:33:145:Infinity":6,"s:148:42:169:Infinity":7,"s:175:39:191:Infinity":8,"s:193:34:215:Infinity":9,"s:221:34:241:Infinity":10,"s:247:38:267:Infinity":11,"s:273:39:287:Infinity":12,"s:289:38:313:Infinity":13,"s:319:38:327:Infinity":14,"s:333:41:345:Infinity":15,"f:351:16:351:48":0,"b:352:2:352:Infinity:undefined:undefined:undefined:undefined":0,"s:352:2:352:Infinity":16,"s:352:37:352:Infinity":17,"s:353:2:353:Infinity":18,"f:360:16:360:Infinity":1,"s:368:24:368:Infinity":19,"b:370:2:375:Infinity:undefined:undefined:undefined:undefined":1,"s:370:2:375:Infinity":20,"s:371:4:374:Infinity":21,"b:373:15:373:35:373:35:373:Infinity":2,"s:377:2:382:Infinity":22,"b:378:13:378:33:378:33:378:Infinity":3,"b:379:13:379:33:379:33:379:Infinity":4,"b:380:10:380:27:380:27:380:Infinity":5}}}
,"/Users/tarunkhasnavis/Desktop/kosha/lib/openai.ts": {"path":"/Users/tarunkhasnavis/Desktop/kosha/lib/openai.ts","statementMap":{"0":{"start":{"line":4,"column":29},"end":{"line":4,"column":null}},"1":{"start":{"line":7,"column":2},"end":{"line":14,"column":null}},"2":{"start":{"line":8,"column":4},"end":{"line":10,"column":null}},"3":{"start":{"line":9,"column":6},"end":{"line":9,"column":null}},"4":{"start":{"line":11,"column":4},"end":{"line":13,"column":null}},"5":{"start":{"line":15,"column":2},"end":{"line":15,"column":null}}},"fnMap":{"0":{"name":"getOpenAI","decl":{"start":{"line":6,"column":16},"end":{"line":6,"column":36}},"loc":{"start":{"line":6,"column":36},"end":{"line":16,"column":null}},"line":6}},"branchMap":{"0":{"loc":{"start":{"line":7,"column":2},"end":{"line":14,"column":null}},"type":"if","locations":[{"start":{"line":7,"column":2},"end":{"line":14,"column":null}},{"start":{},"end":{}}],"line":7},"1":{"loc":{"start":{"line":8,"column":4},"end":{"line":10,"column":null}},"type":"if","locations":[{"start":{"line":8,"column":4},"end":{"line":10,"column":null}},{"start":{},"end":{}}],"line":8}},"s":{"0":0,"1":0,"2":0,"3":0,"4":0,"5":0},"f":{"0":0},"b":{"0":[0,0],"1":[0,0]},"meta":{"lastBranch":2,"lastFunction":1,"lastStatement":6,"seen":{"s:4:29:4:Infinity":0,"f:6:16:6:36":0,"b:7:2:14:Infinity:undefined:undefined:undefined:undefined":0,"s:7:2:14:Infinity":1,"b:8:4:10:Infinity:undefined:undefined:undefined:undefined":1,"s:8:4:10:Infinity":2,"s:9:6:9:Infinity":3,"s:11:4:13:Infinity":4,"s:15:2:15:Infinity":5}}}
,"/Users/tarunkhasnavis/Desktop/kosha/lib/tokenEncryption.ts": {"path":"/Users/tarunkhasnavis/Desktop/kosha/lib/tokenEncryption.ts","statementMap":{"0":{"start":{"line":11,"column":18},"end":{"line":11,"column":null}},"1":{"start":{"line":12,"column":18},"end":{"line":12,"column":null}},"2":{"start":{"line":13,"column":24},"end":{"line":13,"column":null}},"3":{"start":{"line":14,"column":20},"end":{"line":14,"column":null}},"4":{"start":{"line":23,"column":14},"end":{"line":23,"column":null}},"5":{"start":{"line":26,"column":2},"end":{"line":26,"column":null}},"6":{"start":{"line":36,"column":14},"end":{"line":36,"column":null}},"7":{"start":{"line":37,"column":13},"end":{"line":37,"column":null}},"8":{"start":{"line":39,"column":17},"end":{"line":39,"column":null}},"9":{"start":{"line":41,"column":19},"end":{"line":41,"column":null}},"10":{"start":{"line":42,"column":2},"end":{"line":42,"column":null}},"11":{"start":{"line":44,"column":18},"end":{"line":44,"column":null}},"12":{"start":{"line":47,"column":2},"end":{"line":47,"column":null}},"13":{"start":{"line":57,"column":14},"end":{"line":57,"column":null}},"14":{"start":{"line":60,"column":16},"end":{"line":60,"column":null}},"15":{"start":{"line":61,"column":2},"end":{"line":63,"column":null}},"16":{"start":{"line":62,"column":4},"end":{"line":62,"column":null}},"17":{"start":{"line":65,"column":13},"end":{"line":65,"column":null}},"18":{"start":{"line":66,"column":18},"end":{"line":66,"column":null}},"19":{"start":{"line":67,"column":21},"end":{"line":67,"column":null}},"20":{"start":{"line":69,"column":19},"end":{"line":69,"column":null}},"21":{"start":{"line":70,"column":2},"end":{"line":70,"column":null}},"22":{"start":{"line":72,"column":18},"end":{"line":72,"column":null}},"23":{"start":{"line":73,"column":2},"end":{"line":73,"column":null}},"24":{"start":{"line":75,"column":2},"end":{"line":75,"column":null}},"25":{"start":{"line":85,"column":2},"end":{"line":85,"column":null}}},"fnMap":{"0":{"name":"getEncryptionKey","decl":{"start":{"line":20,"column":9},"end":{"line":20,"column":36}},"loc":{"start":{"line":20,"column":36},"end":{"line":27,"column":null}},"line":20},"1":{"name":"encryptToken","decl":{"start":{"line":35,"column":16},"end":{"line":35,"column":29}},"loc":{"start":{"line":35,"column":56},"end":{"line":48,"column":null}},"line":35},"2":{"name":"decryptToken","decl":{"start":{"line":56,"column":16},"end":{"line":56,"column":29}},"loc":{"start":{"line":56,"column":56},"end":{"line":76,"column":null}},"line":56},"3":{"name":"generateEncryptionKey","decl":{"start":{"line":84,"column":16},"end":{"line":84,"column":48}},"loc":{"start":{"line":84,"column":48},"end":{"line":86,"column":null}},"line":84}},"branchMap":{"0":{"loc":{"start":{"line":61,"column":2},"end":{"line":63,"column":null}},"type":"if","locations":[{"start":{"line":61,"column":2},"end":{"line":63,"column":null}},{"start":{},"end":{}}],"line":61}},"s":{"0":0,"1":0,"2":0,"3":0,"4":0,"5":0,"6":0,"7":0,"8":0,"9":0,"10":0,"11":0,"12":0,"13":0,"14":0,"15":0,"16":0,"17":0,"18":0,"19":0,"20":0,"21":0,"22":0,"23":0,"24":0,"25":0},"f":{"0":0,"1":0,"2":0,"3":0},"b":{"0":[0,0]},"meta":{"lastBranch":1,"lastFunction":4,"lastStatement":26,"seen":{"s:11:18:11:Infinity":0,"s:12:18:12:Infinity":1,"s:13:24:13:Infinity":2,"s:14:20:14:Infinity":3,"f:20:9:20:36":0,"s:23:14:23:Infinity":4,"s:26:2:26:Infinity":5,"f:35:16:35:29":1,"s:36:14:36:Infinity":6,"s:37:13:37:Infinity":7,"s:39:17:39:Infinity":8,"s:41:19:41:Infinity":9,"s:42:2:42:Infinity":10,"s:44:18:44:Infinity":11,"s:47:2:47:Infinity":12,"f:56:16:56:29":2,"s:57:14:57:Infinity":13,"s:60:16:60:Infinity":14,"b:61:2:63:Infinity:undefined:undefined:undefined:undefined":0,"s:61:2:63:Infinity":15,"s:62:4:62:Infinity":16,"s:65:13:65:Infinity":17,"s:66:18:66:Infinity":18,"s:67:21:67:Infinity":19,"s:69:19:69:Infinity":20,"s:70:2:70:Infinity":21,"s:72:18:72:Infinity":22,"s:73:2:73:Infinity":23,"s:75:2:75:Infinity":24,"f:84:16:84:48":3,"s:85:2:85:Infinity":25}}}
,"/Users/tarunkhasnavis/Desktop/kosha/lib/utils.ts": {"path":"/Users/tarunkhasnavis/Desktop/kosha/lib/utils.ts","statementMap":{"0":{"start":{"line":5,"column":2},"end":{"line":5,"column":null}},"1":{"start":{"line":9,"column":15},"end":{"line":9,"column":null}},"2":{"start":{"line":11,"column":2},"end":{"line":13,"column":null}},"3":{"start":{"line":12,"column":4},"end":{"line":12,"column":null}},"4":{"start":{"line":15,"column":46},"end":{"line":19,"column":null}},"5":{"start":{"line":21,"column":2},"end":{"line":24,"column":null}},"6":{"start":{"line":22,"column":4},"end":{"line":22,"column":null}},"7":{"start":{"line":23,"column":4},"end":{"line":23,"column":null}},"8":{"start":{"line":26,"column":2},"end":{"line":26,"column":null}}},"fnMap":{"0":{"name":"cn","decl":{"start":{"line":4,"column":16},"end":{"line":4,"column":22}},"loc":{"start":{"line":4,"column":44},"end":{"line":6,"column":null}},"line":4},"1":{"name":"formatDate","decl":{"start":{"line":8,"column":16},"end":{"line":8,"column":27}},"loc":{"start":{"line":8,"column":76},"end":{"line":27,"column":null}},"line":8}},"branchMap":{"0":{"loc":{"start":{"line":8,"column":47},"end":{"line":8,"column":76}},"type":"default-arg","locations":[{"start":{"line":8,"column":61},"end":{"line":8,"column":76}}],"line":8},"1":{"loc":{"start":{"line":11,"column":2},"end":{"line":13,"column":null}},"type":"if","locations":[{"start":{"line":11,"column":2},"end":{"line":13,"column":null}},{"start":{},"end":{}}],"line":11},"2":{"loc":{"start":{"line":21,"column":2},"end":{"line":24,"column":null}},"type":"if","locations":[{"start":{"line":21,"column":2},"end":{"line":24,"column":null}},{"start":{},"end":{}}],"line":21}},"s":{"0":4,"1":4,"2":4,"3":2,"4":2,"5":2,"6":1,"7":1,"8":2},"f":{"0":4,"1":4},"b":{"0":[4],"1":[2,2],"2":[1,1]},"meta":{"lastBranch":3,"lastFunction":2,"lastStatement":9,"seen":{"f:4:16:4:22":0,"s:5:2:5:Infinity":0,"f:8:16:8:27":1,"b:8:61:8:76":0,"s:9:15:9:Infinity":1,"b:11:2:13:Infinity:undefined:undefined:undefined:undefined":1,"s:11:2:13:Infinity":2,"s:12:4:12:Infinity":3,"s:15:46:19:Infinity":4,"b:21:2:24:Infinity:undefined:undefined:undefined:undefined":2,"s:21:2:24:Infinity":5,"s:22:4:22:Infinity":6,"s:23:4:23:Infinity":7,"s:26:2:26:Infinity":8}}}
,"/Users/tarunkhasnavis/Desktop/kosha/lib/ai/embeddings.ts": {"path":"/Users/tarunkhasnavis/Desktop/kosha/lib/ai/embeddings.ts","statementMap":{"0":{"start":{"line":20,"column":28},"end":{"line":20,"column":null}},"1":{"start":{"line":26,"column":2},"end":{"line":26,"column":null}},"2":{"start":{"line":26,"column":42},"end":{"line":26,"column":null}},"3":{"start":{"line":27,"column":2},"end":{"line":27,"column":null}},"4":{"start":{"line":28,"column":2},"end":{"line":28,"column":null}},"5":{"start":{"line":37,"column":24},"end":{"line":37,"column":null}},"6":{"start":{"line":38,"column":8},"end":{"line":38,"column":null}},"7":{"start":{"line":39,"column":19},"end":{"line":42,"column":null}},"8":{"start":{"line":44,"column":2},"end":{"line":44,"column":null}},"9":{"start":{"line":73,"column":2},"end":{"line":96,"column":null}},"10":{"start":{"line":75,"column":22},"end":{"line":75,"column":null}},"11":{"start":{"line":77,"column":21},"end":{"line":77,"column":null}},"12":{"start":{"line":80,"column":28},"end":{"line":85,"column":null}},"13":{"start":{"line":87,"column":4},"end":{"line":90,"column":null}},"14":{"start":{"line":88,"column":6},"end":{"line":88,"column":null}},"15":{"start":{"line":89,"column":6},"end":{"line":89,"column":null}},"16":{"start":{"line":92,"column":4},"end":{"line":92,"column":null}},"17":{"start":{"line":94,"column":4},"end":{"line":94,"column":null}},"18":{"start":{"line":95,"column":4},"end":{"line":95,"column":null}},"19":{"start":{"line":104,"column":2},"end":{"line":104,"column":null}},"20":{"start":{"line":104,"column":29},"end":{"line":104,"column":null}},"21":{"start":{"line":106,"column":20},"end":{"line":127,"column":null}},"22":{"start":{"line":107,"column":18},"end":{"line":107,"column":null}},"23":{"start":{"line":108,"column":19},"end":{"line":108,"column":null}},"24":{"start":{"line":111,"column":21},"end":{"line":113,"column":null}},"25":{"start":{"line":112,"column":6},"end":{"line":112,"column":null}},"26":{"start":{"line":116,"column":4},"end":{"line":126,"column":null}},"27":{"start":{"line":129,"column":2},"end":{"line":136,"column":null}},"28":{"start":{"line":144,"column":2},"end":{"line":144,"column":null}},"29":{"start":{"line":144,"column":32},"end":{"line":144,"column":null}},"30":{"start":{"line":145,"column":2},"end":{"line":145,"column":null}},"31":{"start":{"line":179,"column":2},"end":{"line":210,"column":null}},"32":{"start":{"line":181,"column":22},"end":{"line":181,"column":null}},"33":{"start":{"line":183,"column":21},"end":{"line":183,"column":null}},"34":{"start":{"line":185,"column":28},"end":{"line":199,"column":null}},"35":{"start":{"line":201,"column":4},"end":{"line":204,"column":null}},"36":{"start":{"line":202,"column":6},"end":{"line":202,"column":null}},"37":{"start":{"line":203,"column":6},"end":{"line":203,"column":null}},"38":{"start":{"line":206,"column":4},"end":{"line":206,"column":null}},"39":{"start":{"line":208,"column":4},"end":{"line":208,"column":null}},"40":{"start":{"line":209,"column":4},"end":{"line":209,"column":null}}},"fnMap":{"0":{"name":"truncateForEmbedding","decl":{"start":{"line":25,"column":9},"end":{"line":25,"column":30}},"loc":{"start":{"line":25,"column":52},"end":{"line":29,"column":null}},"line":25},"1":{"name":"generateEmbedding","decl":{"start":{"line":36,"column":22},"end":{"line":36,"column":40}},"loc":{"start":{"line":36,"column":73},"end":{"line":45,"column":null}},"line":36},"2":{"name":"retrieveSimilarExamples","decl":{"start":{"line":67,"column":22},"end":{"line":67,"column":null}},"loc":{"start":{"line":72,"column":27},"end":{"line":97,"column":null}},"line":72},"3":{"name":"formatExamplesForPrompt","decl":{"start":{"line":103,"column":16},"end":{"line":103,"column":40}},"loc":{"start":{"line":103,"column":74},"end":{"line":138,"column":null}},"line":103},"4":{"name":"(anonymous_4)","decl":{"start":{"line":106,"column":33},"end":{"line":106,"column":34}},"loc":{"start":{"line":106,"column":44},"end":{"line":127,"column":3}},"line":106},"5":{"name":"(anonymous_5)","decl":{"start":{"line":111,"column":31},"end":{"line":111,"column":null}},"loc":{"start":{"line":112,"column":6},"end":{"line":112,"column":null}},"line":112},"6":{"name":"truncateText","decl":{"start":{"line":143,"column":9},"end":{"line":143,"column":22}},"loc":{"start":{"line":143,"column":63},"end":{"line":146,"column":null}},"line":143},"7":{"name":"saveOrderExample","decl":{"start":{"line":170,"column":22},"end":{"line":170,"column":null}},"loc":{"start":{"line":178,"column":62},"end":{"line":211,"column":null}},"line":178}},"branchMap":{"0":{"loc":{"start":{"line":26,"column":2},"end":{"line":26,"column":null}},"type":"if","locations":[{"start":{"line":26,"column":2},"end":{"line":26,"column":null}},{"start":{},"end":{}}],"line":26},"1":{"loc":{"start":{"line":70,"column":2},"end":{"line":70,"column":null}},"type":"default-arg","locations":[{"start":{"line":70,"column":23},"end":{"line":70,"column":null}}],"line":70},"2":{"loc":{"start":{"line":71,"column":2},"end":{"line":71,"column":null}},"type":"default-arg","locations":[{"start":{"line":71,"column":27},"end":{"line":71,"column":null}}],"line":71},"3":{"loc":{"start":{"line":87,"column":4},"end":{"line":90,"column":null}},"type":"if","locations":[{"start":{"line":87,"column":4},"end":{"line":90,"column":null}},{"start":{},"end":{}}],"line":87},"4":{"loc":{"start":{"line":92,"column":12},"end":{"line":92,"column":null}},"type":"binary-expr","locations":[{"start":{"line":92,"column":12},"end":{"line":92,"column":20}},{"start":{"line":92,"column":20},"end":{"line":92,"column":null}}],"line":92},"5":{"loc":{"start":{"line":104,"column":2},"end":{"line":104,"column":null}},"type":"if","locations":[{"start":{"line":104,"column":2},"end":{"line":104,"column":null}},{"start":{},"end":{}}],"line":104},"6":{"loc":{"start":{"line":108,"column":19},"end":{"line":108,"column":null}},"type":"binary-expr","locations":[{"start":{"line":108,"column":19},"end":{"line":108,"column":69}},{"start":{"line":108,"column":69},"end":{"line":108,"column":null}}],"line":108},"7":{"loc":{"start":{"line":112,"column":23},"end":{"line":112,"column":55}},"type":"cond-expr","locations":[{"start":{"line":112,"column":34},"end":{"line":112,"column":53}},{"start":{"line":112,"column":53},"end":{"line":112,"column":55}}],"line":112},"8":{"loc":{"start":{"line":112,"column":97},"end":{"line":112,"column":142}},"type":"cond-expr","locations":[{"start":{"line":112,"column":114},"end":{"line":112,"column":140}},{"start":{"line":112,"column":140},"end":{"line":112,"column":142}}],"line":112},"9":{"loc":{"start":{"line":116,"column":34},"end":{"line":116,"column":75}},"type":"cond-expr","locations":[{"start":{"line":116,"column":50},"end":{"line":116,"column":73}},{"start":{"line":116,"column":73},"end":{"line":116,"column":75}}],"line":116},"10":{"loc":{"start":{"line":121,"column":11},"end":{"line":121,"column":41}},"type":"binary-expr","locations":[{"start":{"line":121,"column":11},"end":{"line":121,"column":32}},{"start":{"line":121,"column":32},"end":{"line":121,"column":41}}],"line":121},"11":{"loc":{"start":{"line":124,"column":16},"end":{"line":124,"column":37}},"type":"binary-expr","locations":[{"start":{"line":124,"column":16},"end":{"line":124,"column":36}},{"start":{"line":124,"column":36},"end":{"line":124,"column":37}}],"line":124},"12":{"loc":{"start":{"line":125,"column":2},"end":{"line":125,"column":51}},"type":"cond-expr","locations":[{"start":{"line":125,"column":18},"end":{"line":125,"column":49}},{"start":{"line":125,"column":49},"end":{"line":125,"column":51}}],"line":125},"13":{"loc":{"start":{"line":126,"column":2},"end":{"line":126,"column":73}},"type":"cond-expr","locations":[{"start":{"line":126,"column":16},"end":{"line":126,"column":71}},{"start":{"line":126,"column":71},"end":{"line":126,"column":73}}],"line":126},"14":{"loc":{"start":{"line":144,"column":2},"end":{"line":144,"column":null}},"type":"if","locations":[{"start":{"line":144,"column":2},"end":{"line":144,"column":null}},{"start":{},"end":{}}],"line":144},"15":{"loc":{"start":{"line":189,"column":23},"end":{"line":189,"column":null}},"type":"binary-expr","locations":[{"start":{"line":189,"column":23},"end":{"line":189,"column":49}},{"start":{"line":189,"column":49},"end":{"line":189,"column":null}}],"line":189},"16":{"loc":{"start":{"line":190,"column":18},"end":{"line":190,"column":null}},"type":"binary-expr","locations":[{"start":{"line":190,"column":18},"end":{"line":190,"column":39}},{"start":{"line":190,"column":39},"end":{"line":190,"column":null}}],"line":190},"17":{"loc":{"start":{"line":195,"column":19},"end":{"line":195,"column":null}},"type":"binary-expr","locations":[{"start":{"line":195,"column":19},"end":{"line":195,"column":31}},{"start":{"line":195,"column":31},"end":{"line":195,"column":null}}],"line":195},"18":{"loc":{"start":{"line":201,"column":4},"end":{"line":204,"column":null}},"type":"if","locations":[{"start":{"line":201,"column":4},"end":{"line":204,"column":null}},{"start":{},"end":{}}],"line":201},"19":{"loc":{"start":{"line":209,"column":36},"end":{"line":209,"column":93}},"type":"cond-expr","locations":[{"start":{"line":209,"column":61},"end":{"line":209,"column":77}},{"start":{"line":209,"column":77},"end":{"line":209,"column":93}}],"line":209}},"s":{"0":0,"1":0,"2":0,"3":0,"4":0,"5":0,"6":0,"7":0,"8":0,"9":0,"10":0,"11":0,"12":0,"13":0,"14":0,"15":0,"16":0,"17":0,"18":0,"19":0,"20":0,"21":0,"22":0,"23":0,"24":0,"25":0,"26":0,"27":0,"28":0,"29":0,"30":0,"31":0,"32":0,"33":0,"34":0,"35":0,"36":0,"37":0,"38":0,"39":0,"40":0},"f":{"0":0,"1":0,"2":0,"3":0,"4":0,"5":0,"6":0,"7":0},"b":{"0":[0,0],"1":[0],"2":[0],"3":[0,0],"4":[0,0],"5":[0,0],"6":[0,0],"7":[0,0],"8":[0,0],"9":[0,0],"10":[0,0],"11":[0,0],"12":[0,0],"13":[0,0],"14":[0,0],"15":[0,0],"16":[0,0],"17":[0,0],"18":[0,0],"19":[0,0]},"meta":{"lastBranch":20,"lastFunction":8,"lastStatement":41,"seen":{"s:20:28:20:Infinity":0,"f:25:9:25:30":0,"b:26:2:26:Infinity:undefined:undefined:undefined:undefined":0,"s:26:2:26:Infinity":1,"s:26:42:26:Infinity":2,"s:27:2:27:Infinity":3,"s:28:2:28:Infinity":4,"f:36:22:36:40":1,"s:37:24:37:Infinity":5,"s:38:8:38:Infinity":6,"s:39:19:42:Infinity":7,"s:44:2:44:Infinity":8,"f:67:22:67:Infinity":2,"b:70:23:70:Infinity":1,"b:71:27:71:Infinity":2,"s:73:2:96:Infinity":9,"s:75:22:75:Infinity":10,"s:77:21:77:Infinity":11,"s:80:28:85:Infinity":12,"b:87:4:90:Infinity:undefined:undefined:undefined:undefined":3,"s:87:4:90:Infinity":13,"s:88:6:88:Infinity":14,"s:89:6:89:Infinity":15,"s:92:4:92:Infinity":16,"b:92:12:92:20:92:20:92:Infinity":4,"s:94:4:94:Infinity":17,"s:95:4:95:Infinity":18,"f:103:16:103:40":3,"b:104:2:104:Infinity:undefined:undefined:undefined:undefined":5,"s:104:2:104:Infinity":19,"s:104:29:104:Infinity":20,"s:106:20:127:Infinity":21,"f:106:33:106:34":4,"s:107:18:107:Infinity":22,"s:108:19:108:Infinity":23,"b:108:19:108:69:108:69:108:Infinity":6,"s:111:21:113:Infinity":24,"f:111:31:111:Infinity":5,"s:112:6:112:Infinity":25,"b:112:34:112:53:112:53:112:55":7,"b:112:114:112:140:112:140:112:142":8,"s:116:4:126:Infinity":26,"b:116:50:116:73:116:73:116:75":9,"b:121:11:121:32:121:32:121:41":10,"b:124:16:124:36:124:36:124:37":11,"b:125:18:125:49:125:49:125:51":12,"b:126:16:126:71:126:71:126:73":13,"s:129:2:136:Infinity":27,"f:143:9:143:22":6,"b:144:2:144:Infinity:undefined:undefined:undefined:undefined":14,"s:144:2:144:Infinity":28,"s:144:32:144:Infinity":29,"s:145:2:145:Infinity":30,"f:170:22:170:Infinity":7,"s:179:2:210:Infinity":31,"s:181:22:181:Infinity":32,"s:183:21:183:Infinity":33,"s:185:28:199:Infinity":34,"b:189:23:189:49:189:49:189:Infinity":15,"b:190:18:190:39:190:39:190:Infinity":16,"b:195:19:195:31:195:31:195:Infinity":17,"b:201:4:204:Infinity:undefined:undefined:undefined:undefined":18,"s:201:4:204:Infinity":35,"s:202:6:202:Infinity":36,"s:203:6:203:Infinity":37,"s:206:4:206:Infinity":38,"s:208:4:208:Infinity":39,"s:209:4:209:Infinity":40,"b:209:61:209:77:209:77:209:93":19}}}
,"/Users/tarunkhasnavis/Desktop/kosha/lib/email/attachment-storage.ts": {"path":"/Users/tarunkhasnavis/Desktop/kosha/lib/email/attachment-storage.ts","statementMap":{"0":{"start":{"line":13,"column":23},"end":{"line":13,"column":null}},"1":{"start":{"line":40,"column":88},"end":{"line":40,"column":null}},"2":{"start":{"line":41,"column":2},"end":{"line":41,"column":null}},"3":{"start":{"line":43,"column":8},"end":{"line":43,"column":null}},"4":{"start":{"line":46,"column":40},"end":{"line":46,"column":null}},"5":{"start":{"line":47,"column":37},"end":{"line":47,"column":null}},"6":{"start":{"line":49,"column":2},"end":{"line":59,"column":null}},"7":{"start":{"line":50,"column":4},"end":{"line":50,"column":null}},"8":{"start":{"line":51,"column":4},"end":{"line":51,"column":null}},"9":{"start":{"line":52,"column":2},"end":{"line":59,"column":null}},"10":{"start":{"line":53,"column":4},"end":{"line":53,"column":null}},"11":{"start":{"line":54,"column":4},"end":{"line":54,"column":null}},"12":{"start":{"line":55,"column":2},"end":{"line":59,"column":null}},"13":{"start":{"line":57,"column":4},"end":{"line":57,"column":null}},"14":{"start":{"line":58,"column":4},"end":{"line":58,"column":null}},"15":{"start":{"line":61,"column":2},"end":{"line":61,"column":null}},"16":{"start":{"line":64,"column":35},"end":{"line":64,"column":null}},"17":{"start":{"line":65,"column":2},"end":{"line":92,"column":null}},"18":{"start":{"line":66,"column":4},"end":{"line":89,"column":null}},"19":{"start":{"line":68,"column":19},"end":{"line":68,"column":null}},"20":{"start":{"line":71,"column":25},"end":{"line":71,"column":null}},"21":{"start":{"line":72,"column":6},"end":{"line":72,"column":null}},"22":{"start":{"line":74,"column":37},"end":{"line":79,"column":null}},"23":{"start":{"line":81,"column":6},"end":{"line":86,"column":null}},"24":{"start":{"line":82,"column":8},"end":{"line":82,"column":null}},"25":{"start":{"line":84,"column":8},"end":{"line":84,"column":null}},"26":{"start":{"line":85,"column":8},"end":{"line":85,"column":null}},"27":{"start":{"line":88,"column":6},"end":{"line":88,"column":null}},"28":{"start":{"line":91,"column":4},"end":{"line":91,"column":null}},"29":{"start":{"line":95,"column":2},"end":{"line":95,"column":null}},"30":{"start":{"line":96,"column":26},"end":{"line":112,"column":null}},"31":{"start":{"line":114,"column":2},"end":{"line":117,"column":null}},"32":{"start":{"line":115,"column":4},"end":{"line":115,"column":null}},"33":{"start":{"line":116,"column":4},"end":{"line":116,"column":null}},"34":{"start":{"line":119,"column":2},"end":{"line":119,"column":null}},"35":{"start":{"line":121,"column":2},"end":{"line":121,"column":null}},"36":{"start":{"line":123,"column":2},"end":{"line":136,"column":null}},"37":{"start":{"line":149,"column":90},"end":{"line":149,"column":null}},"38":{"start":{"line":150,"column":38},"end":{"line":150,"column":null}},"39":{"start":{"line":153,"column":2},"end":{"line":168,"column":null}},"40":{"start":{"line":154,"column":16},"end":{"line":154,"column":null}},"41":{"start":{"line":154,"column":41},"end":{"line":154,"column":74}},"42":{"start":{"line":155,"column":4},"end":{"line":155,"column":null}},"43":{"start":{"line":155,"column":14},"end":{"line":155,"column":null}},"44":{"start":{"line":157,"column":19},"end":{"line":163,"column":null}},"45":{"start":{"line":165,"column":4},"end":{"line":167,"column":null}},"46":{"start":{"line":166,"column":6},"end":{"line":166,"column":null}},"47":{"start":{"line":170,"column":2},"end":{"line":170,"column":null}},"48":{"start":{"line":180,"column":8},"end":{"line":180,"column":null}},"49":{"start":{"line":182,"column":20},"end":{"line":185,"column":null}},"50":{"start":{"line":187,"column":2},"end":{"line":189,"column":null}},"51":{"start":{"line":188,"column":4},"end":{"line":188,"column":null}},"52":{"start":{"line":196,"column":8},"end":{"line":196,"column":null}},"53":{"start":{"line":198,"column":26},"end":{"line":202,"column":null}},"54":{"start":{"line":204,"column":2},"end":{"line":207,"column":null}},"55":{"start":{"line":205,"column":4},"end":{"line":205,"column":null}},"56":{"start":{"line":206,"column":4},"end":{"line":206,"column":null}},"57":{"start":{"line":209,"column":2},"end":{"line":222,"column":null}},"58":{"start":{"line":209,"column":26},"end":{"line":222,"column":4}},"59":{"start":{"line":229,"column":8},"end":{"line":229,"column":null}},"60":{"start":{"line":231,"column":26},"end":{"line":235,"column":null}},"61":{"start":{"line":237,"column":2},"end":{"line":240,"column":null}},"62":{"start":{"line":238,"column":4},"end":{"line":238,"column":null}},"63":{"start":{"line":239,"column":4},"end":{"line":239,"column":null}},"64":{"start":{"line":242,"column":2},"end":{"line":255,"column":null}},"65":{"start":{"line":242,"column":26},"end":{"line":255,"column":4}},"66":{"start":{"line":262,"column":2},"end":{"line":281,"column":null}},"67":{"start":{"line":263,"column":38},"end":{"line":269,"column":null}},"68":{"start":{"line":271,"column":4},"end":{"line":278,"column":null}},"69":{"start":{"line":272,"column":6},"end":{"line":272,"column":null}},"70":{"start":{"line":273,"column":4},"end":{"line":278,"column":null}},"71":{"start":{"line":274,"column":6},"end":{"line":274,"column":null}},"72":{"start":{"line":275,"column":4},"end":{"line":278,"column":null}},"73":{"start":{"line":277,"column":6},"end":{"line":277,"column":null}},"74":{"start":{"line":280,"column":4},"end":{"line":280,"column":null}},"75":{"start":{"line":291,"column":8},"end":{"line":291,"column":null}},"76":{"start":{"line":293,"column":26},"end":{"line":295,"column":null}},"77":{"start":{"line":297,"column":2},"end":{"line":300,"column":null}},"78":{"start":{"line":298,"column":4},"end":{"line":298,"column":null}},"79":{"start":{"line":299,"column":4},"end":{"line":299,"column":null}},"80":{"start":{"line":302,"column":2},"end":{"line":302,"column":null}}},"fnMap":{"0":{"name":"storeAttachment","decl":{"start":{"line":33,"column":22},"end":{"line":33,"column":38}},"loc":{"start":{"line":39,"column":37},"end":{"line":137,"column":null}},"line":39},"1":{"name":"storeAllAttachments","decl":{"start":{"line":142,"column":22},"end":{"line":142,"column":42}},"loc":{"start":{"line":148,"column":32},"end":{"line":171,"column":null}},"line":148},"2":{"name":"(anonymous_2)","decl":{"start":{"line":154,"column":36},"end":{"line":154,"column":41}},"loc":{"start":{"line":154,"column":41},"end":{"line":154,"column":74}},"line":154},"3":{"name":"linkAttachmentsToOrder","decl":{"start":{"line":176,"column":22},"end":{"line":176,"column":null}},"loc":{"start":{"line":179,"column":17},"end":{"line":190,"column":null}},"line":179},"4":{"name":"getOrderAttachments","decl":{"start":{"line":195,"column":22},"end":{"line":195,"column":42}},"loc":{"start":{"line":195,"column":88},"end":{"line":223,"column":null}},"line":195},"5":{"name":"(anonymous_5)","decl":{"start":{"line":209,"column":18},"end":{"line":209,"column":26}},"loc":{"start":{"line":209,"column":26},"end":{"line":222,"column":4}},"line":209},"6":{"name":"getEmailAttachments","decl":{"start":{"line":228,"column":22},"end":{"line":228,"column":42}},"loc":{"start":{"line":228,"column":93},"end":{"line":256,"column":null}},"line":228},"7":{"name":"(anonymous_7)","decl":{"start":{"line":242,"column":18},"end":{"line":242,"column":26}},"loc":{"start":{"line":242,"column":26},"end":{"line":255,"column":4}},"line":242},"8":{"name":"storedToProcessed","decl":{"start":{"line":261,"column":16},"end":{"line":261,"column":34}},"loc":{"start":{"line":261,"column":85},"end":{"line":282,"column":null}},"line":261},"9":{"name":"(anonymous_9)","decl":{"start":{"line":262,"column":20},"end":{"line":262,"column":27}},"loc":{"start":{"line":262,"column":27},"end":{"line":281,"column":3}},"line":262},"10":{"name":"getAttachmentDownloadUrl","decl":{"start":{"line":287,"column":22},"end":{"line":287,"column":null}},"loc":{"start":{"line":290,"column":26},"end":{"line":303,"column":null}},"line":290}},"branchMap":{"0":{"loc":{"start":{"line":49,"column":2},"end":{"line":59,"column":null}},"type":"if","locations":[{"start":{"line":49,"column":2},"end":{"line":59,"column":null}},{"start":{"line":52,"column":2},"end":{"line":59,"column":null}}],"line":49},"1":{"loc":{"start":{"line":52,"column":2},"end":{"line":59,"column":null}},"type":"if","locations":[{"start":{"line":52,"column":2},"end":{"line":59,"column":null}},{"start":{"line":55,"column":2},"end":{"line":59,"column":null}}],"line":52},"2":{"loc":{"start":{"line":55,"column":2},"end":{"line":59,"column":null}},"type":"if","locations":[{"start":{"line":55,"column":2},"end":{"line":59,"column":null}},{"start":{},"end":{}}],"line":55},"3":{"loc":{"start":{"line":55,"column":13},"end":{"line":55,"column":82}},"type":"binary-expr","locations":[{"start":{"line":55,"column":13},"end":{"line":55,"column":43}},{"start":{"line":55,"column":43},"end":{"line":55,"column":82}}],"line":55},"4":{"loc":{"start":{"line":61,"column":82},"end":{"line":61,"column":111}},"type":"binary-expr","locations":[{"start":{"line":61,"column":82},"end":{"line":61,"column":110}},{"start":{"line":61,"column":110},"end":{"line":61,"column":111}}],"line":61},"5":{"loc":{"start":{"line":65,"column":2},"end":{"line":92,"column":null}},"type":"if","locations":[{"start":{"line":65,"column":2},"end":{"line":92,"column":null}},{"start":{"line":90,"column":9},"end":{"line":92,"column":null}}],"line":65},"6":{"loc":{"start":{"line":81,"column":6},"end":{"line":86,"column":null}},"type":"if","locations":[{"start":{"line":81,"column":6},"end":{"line":86,"column":null}},{"start":{"line":83,"column":13},"end":{"line":86,"column":null}}],"line":81},"7":{"loc":{"start":{"line":99,"column":16},"end":{"line":99,"column":null}},"type":"binary-expr","locations":[{"start":{"line":99,"column":16},"end":{"line":99,"column":27}},{"start":{"line":99,"column":27},"end":{"line":99,"column":null}}],"line":99},"8":{"loc":{"start":{"line":114,"column":2},"end":{"line":117,"column":null}},"type":"if","locations":[{"start":{"line":114,"column":2},"end":{"line":117,"column":null}},{"start":{},"end":{}}],"line":114},"9":{"loc":{"start":{"line":121,"column":65},"end":{"line":121,"column":87}},"type":"binary-expr","locations":[{"start":{"line":121,"column":65},"end":{"line":121,"column":82}},{"start":{"line":121,"column":82},"end":{"line":121,"column":87}}],"line":121},"10":{"loc":{"start":{"line":155,"column":4},"end":{"line":155,"column":null}},"type":"if","locations":[{"start":{"line":155,"column":4},"end":{"line":155,"column":null}},{"start":{},"end":{}}],"line":155},"11":{"loc":{"start":{"line":165,"column":4},"end":{"line":167,"column":null}},"type":"if","locations":[{"start":{"line":165,"column":4},"end":{"line":167,"column":null}},{"start":{},"end":{}}],"line":165},"12":{"loc":{"start":{"line":187,"column":2},"end":{"line":189,"column":null}},"type":"if","locations":[{"start":{"line":187,"column":2},"end":{"line":189,"column":null}},{"start":{},"end":{}}],"line":187},"13":{"loc":{"start":{"line":204,"column":2},"end":{"line":207,"column":null}},"type":"if","locations":[{"start":{"line":204,"column":2},"end":{"line":207,"column":null}},{"start":{},"end":{}}],"line":204},"14":{"loc":{"start":{"line":204,"column":6},"end":{"line":204,"column":22}},"type":"binary-expr","locations":[{"start":{"line":204,"column":6},"end":{"line":204,"column":15}},{"start":{"line":204,"column":15},"end":{"line":204,"column":22}}],"line":204},"15":{"loc":{"start":{"line":237,"column":2},"end":{"line":240,"column":null}},"type":"if","locations":[{"start":{"line":237,"column":2},"end":{"line":240,"column":null}},{"start":{},"end":{}}],"line":237},"16":{"loc":{"start":{"line":237,"column":6},"end":{"line":237,"column":22}},"type":"binary-expr","locations":[{"start":{"line":237,"column":6},"end":{"line":237,"column":15}},{"start":{"line":237,"column":15},"end":{"line":237,"column":22}}],"line":237},"17":{"loc":{"start":{"line":265,"column":12},"end":{"line":268,"column":null}},"type":"cond-expr","locations":[{"start":{"line":265,"column":48},"end":{"line":265,"column":null}},{"start":{"line":266,"column":12},"end":{"line":268,"column":null}}],"line":265},"18":{"loc":{"start":{"line":266,"column":12},"end":{"line":268,"column":null}},"type":"cond-expr","locations":[{"start":{"line":266,"column":49},"end":{"line":266,"column":null}},{"start":{"line":267,"column":12},"end":{"line":268,"column":null}}],"line":266},"19":{"loc":{"start":{"line":267,"column":12},"end":{"line":268,"column":null}},"type":"cond-expr","locations":[{"start":{"line":267,"column":85},"end":{"line":267,"column":null}},{"start":{"line":268,"column":12},"end":{"line":268,"column":null}}],"line":267},"20":{"loc":{"start":{"line":267,"column":12},"end":{"line":267,"column":85}},"type":"binary-expr","locations":[{"start":{"line":267,"column":12},"end":{"line":267,"column":52}},{"start":{"line":267,"column":52},"end":{"line":267,"column":85}}],"line":267},"21":{"loc":{"start":{"line":271,"column":4},"end":{"line":278,"column":null}},"type":"if","locations":[{"start":{"line":271,"column":4},"end":{"line":278,"column":null}},{"start":{"line":273,"column":4},"end":{"line":278,"column":null}}],"line":271},"22":{"loc":{"start":{"line":271,"column":8},"end":{"line":271,"column":66}},"type":"binary-expr","locations":[{"start":{"line":271,"column":8},"end":{"line":271,"column":44}},{"start":{"line":271,"column":44},"end":{"line":271,"column":66}}],"line":271},"23":{"loc":{"start":{"line":273,"column":4},"end":{"line":278,"column":null}},"type":"if","locations":[{"start":{"line":273,"column":4},"end":{"line":278,"column":null}},{"start":{"line":275,"column":4},"end":{"line":278,"column":null}}],"line":273},"24":{"loc":{"start":{"line":273,"column":15},"end":{"line":273,"column":75}},"type":"binary-expr","locations":[{"start":{"line":273,"column":15},"end":{"line":273,"column":53}},{"start":{"line":273,"column":53},"end":{"line":273,"column":75}}],"line":273},"25":{"loc":{"start":{"line":275,"column":4},"end":{"line":278,"column":null}},"type":"if","locations":[{"start":{"line":275,"column":4},"end":{"line":278,"column":null}},{"start":{},"end":{}}],"line":275},"26":{"loc":{"start":{"line":275,"column":15},"end":{"line":275,"column":77}},"type":"binary-expr","locations":[{"start":{"line":275,"column":15},"end":{"line":275,"column":55}},{"start":{"line":275,"column":55},"end":{"line":275,"column":77}}],"line":275},"27":{"loc":{"start":{"line":289,"column":2},"end":{"line":289,"column":null}},"type":"default-arg","locations":[{"start":{"line":289,"column":22},"end":{"line":289,"column":null}}],"line":289},"28":{"loc":{"start":{"line":297,"column":2},"end":{"line":300,"column":null}},"type":"if","locations":[{"start":{"line":297,"column":2},"end":{"line":300,"column":null}},{"start":{},"end":{}}],"line":297},"29":{"loc":{"start":{"line":297,"column":6},"end":{"line":297,"column":22}},"type":"binary-expr","locations":[{"start":{"line":297,"column":6},"end":{"line":297,"column":15}},{"start":{"line":297,"column":15},"end":{"line":297,"column":22}}],"line":297}},"s":{"0":0,"1":0,"2":0,"3":0,"4":0,"5":0,"6":0,"7":0,"8":0,"9":0,"10":0,"11":0,"12":0,"13":0,"14":0,"15":0,"16":0,"17":0,"18":0,"19":0,"20":0,"21":0,"22":0,"23":0,"24":0,"25":0,"26":0,"27":0,"28":0,"29":0,"30":0,"31":0,"32":0,"33":0,"34":0,"35":0,"36":0,"37":0,"38":0,"39":0,"40":0,"41":0,"42":0,"43":0,"44":0,"45":0,"46":0,"47":0,"48":0,"49":0,"50":0,"51":0,"52":0,"53":0,"54":0,"55":0,"56":0,"57":0,"58":0,"59":0,"60":0,"61":0,"62":0,"63":0,"64":0,"65":0,"66":0,"67":0,"68":0,"69":0,"70":0,"71":0,"72":0,"73":0,"74":0,"75":0,"76":0,"77":0,"78":0,"79":0,"80":0},"f":{"0":0,"1":0,"2":0,"3":0,"4":0,"5":0,"6":0,"7":0,"8":0,"9":0,"10":0},"b":{"0":[0,0],"1":[0,0],"2":[0,0],"3":[0,0],"4":[0,0],"5":[0,0],"6":[0,0],"7":[0,0],"8":[0,0],"9":[0,0],"10":[0,0],"11":[0,0],"12":[0,0],"13":[0,0],"14":[0,0],"15":[0,0],"16":[0,0],"17":[0,0],"18":[0,0],"19":[0,0],"20":[0,0],"21":[0,0],"22":[0,0],"23":[0,0],"24":[0,0],"25":[0,0],"26":[0,0],"27":[0],"28":[0,0],"29":[0,0]},"meta":{"lastBranch":30,"lastFunction":11,"lastStatement":81,"seen":{"s:13:23:13:Infinity":0,"f:33:22:33:38":0,"s:40:88:40:Infinity":1,"s:41:2:41:Infinity":2,"s:43:8:43:Infinity":3,"s:46:40:46:Infinity":4,"s:47:37:47:Infinity":5,"b:49:2:59:Infinity:52:2:59:Infinity":0,"s:49:2:59:Infinity":6,"s:50:4:50:Infinity":7,"s:51:4:51:Infinity":8,"b:52:2:59:Infinity:55:2:59:Infinity":1,"s:52:2:59:Infinity":9,"s:53:4:53:Infinity":10,"s:54:4:54:Infinity":11,"b:55:2:59:Infinity:undefined:undefined:undefined:undefined":2,"s:55:2:59:Infinity":12,"b:55:13:55:43:55:43:55:82":3,"s:57:4:57:Infinity":13,"s:58:4:58:Infinity":14,"s:61:2:61:Infinity":15,"b:61:82:61:110:61:110:61:111":4,"s:64:35:64:Infinity":16,"b:65:2:92:Infinity:90:9:92:Infinity":5,"s:65:2:92:Infinity":17,"s:66:4:89:Infinity":18,"s:68:19:68:Infinity":19,"s:71:25:71:Infinity":20,"s:72:6:72:Infinity":21,"s:74:37:79:Infinity":22,"b:81:6:86:Infinity:83:13:86:Infinity":6,"s:81:6:86:Infinity":23,"s:82:8:82:Infinity":24,"s:84:8:84:Infinity":25,"s:85:8:85:Infinity":26,"s:88:6:88:Infinity":27,"s:91:4:91:Infinity":28,"s:95:2:95:Infinity":29,"s:96:26:112:Infinity":30,"b:99:16:99:27:99:27:99:Infinity":7,"b:114:2:117:Infinity:undefined:undefined:undefined:undefined":8,"s:114:2:117:Infinity":31,"s:115:4:115:Infinity":32,"s:116:4:116:Infinity":33,"s:119:2:119:Infinity":34,"s:121:2:121:Infinity":35,"b:121:65:121:82:121:82:121:87":9,"s:123:2:136:Infinity":36,"f:142:22:142:42":1,"s:149:90:149:Infinity":37,"s:150:38:150:Infinity":38,"s:153:2:168:Infinity":39,"s:154:16:154:Infinity":40,"f:154:36:154:41":2,"s:154:41:154:74":41,"b:155:4:155:Infinity:undefined:undefined:undefined:undefined":10,"s:155:4:155:Infinity":42,"s:155:14:155:Infinity":43,"s:157:19:163:Infinity":44,"b:165:4:167:Infinity:undefined:undefined:undefined:undefined":11,"s:165:4:167:Infinity":45,"s:166:6:166:Infinity":46,"s:170:2:170:Infinity":47,"f:176:22:176:Infinity":3,"s:180:8:180:Infinity":48,"s:182:20:185:Infinity":49,"b:187:2:189:Infinity:undefined:undefined:undefined:undefined":12,"s:187:2:189:Infinity":50,"s:188:4:188:Infinity":51,"f:195:22:195:42":4,"s:196:8:196:Infinity":52,"s:198:26:202:Infinity":53,"b:204:2:207:Infinity:undefined:undefined:undefined:undefined":13,"s:204:2:207:Infinity":54,"b:204:6:204:15:204:15:204:22":14,"s:205:4:205:Infinity":55,"s:206:4:206:Infinity":56,"s:209:2:222:Infinity":57,"f:209:18:209:26":5,"s:209:26:222:4":58,"f:228:22:228:42":6,"s:229:8:229:Infinity":59,"s:231:26:235:Infinity":60,"b:237:2:240:Infinity:undefined:undefined:undefined:undefined":15,"s:237:2:240:Infinity":61,"b:237:6:237:15:237:15:237:22":16,"s:238:4:238:Infinity":62,"s:239:4:239:Infinity":63,"s:242:2:255:Infinity":64,"f:242:18:242:26":7,"s:242:26:255:4":65,"f:261:16:261:34":8,"s:262:2:281:Infinity":66,"f:262:20:262:27":9,"s:263:38:269:Infinity":67,"b:265:48:265:Infinity:266:12:268:Infinity":17,"b:266:49:266:Infinity:267:12:268:Infinity":18,"b:267:85:267:Infinity:268:12:268:Infinity":19,"b:267:12:267:52:267:52:267:85":20,"b:271:4:278:Infinity:273:4:278:Infinity":21,"s:271:4:278:Infinity":68,"b:271:8:271:44:271:44:271:66":22,"s:272:6:272:Infinity":69,"b:273:4:278:Infinity:275:4:278:Infinity":23,"s:273:4:278:Infinity":70,"b:273:15:273:53:273:53:273:75":24,"s:274:6:274:Infinity":71,"b:275:4:278:Infinity:undefined:undefined:undefined:undefined":25,"s:275:4:278:Infinity":72,"b:275:15:275:55:275:55:275:77":26,"s:277:6:277:Infinity":73,"s:280:4:280:Infinity":74,"f:287:22:287:Infinity":10,"b:289:22:289:Infinity":27,"s:291:8:291:Infinity":75,"s:293:26:295:Infinity":76,"b:297:2:300:Infinity:undefined:undefined:undefined:undefined":28,"s:297:2:300:Infinity":77,"b:297:6:297:15:297:15:297:22":29,"s:298:4:298:Infinity":78,"s:299:4:299:Infinity":79,"s:302:2:302:Infinity":80}}}
,"/Users/tarunkhasnavis/Desktop/kosha/lib/email/attachments.ts": {"path":"/Users/tarunkhasnavis/Desktop/kosha/lib/email/attachments.ts","statementMap":{"0":{"start":{"line":17,"column":51},"end":{"line":17,"column":null}},"1":{"start":{"line":18,"column":35},"end":{"line":18,"column":null}},"2":{"start":{"line":21,"column":21},"end":{"line":33,"column":null}},"3":{"start":{"line":22,"column":2},"end":{"line":24,"column":null}},"4":{"start":{"line":23,"column":4},"end":{"line":23,"column":null}},"5":{"start":{"line":25,"column":2},"end":{"line":32,"column":null}},"6":{"start":{"line":26,"column":4},"end":{"line":26,"column":null}},"7":{"start":{"line":27,"column":4},"end":{"line":27,"column":null}},"8":{"start":{"line":29,"column":4},"end":{"line":29,"column":null}},"9":{"start":{"line":30,"column":4},"end":{"line":30,"column":null}},"10":{"start":{"line":31,"column":4},"end":{"line":31,"column":null}},"11":{"start":{"line":57,"column":25},"end":{"line":57,"column":null}},"12":{"start":{"line":58,"column":23},"end":{"line":58,"column":null}},"13":{"start":{"line":59,"column":25},"end":{"line":63,"column":null}},"14":{"start":{"line":69,"column":2},"end":{"line":69,"column":null}},"15":{"start":{"line":69,"column":43},"end":{"line":69,"column":null}},"16":{"start":{"line":70,"column":2},"end":{"line":70,"column":null}},"17":{"start":{"line":70,"column":41},"end":{"line":70,"column":null}},"18":{"start":{"line":71,"column":2},"end":{"line":71,"column":null}},"19":{"start":{"line":71,"column":43},"end":{"line":71,"column":null}},"20":{"start":{"line":72,"column":2},"end":{"line":72,"column":null}},"21":{"start":{"line":79,"column":2},"end":{"line":79,"column":null}},"22":{"start":{"line":87,"column":2},"end":{"line":90,"column":null}},"23":{"start":{"line":88,"column":4},"end":{"line":88,"column":null}},"24":{"start":{"line":89,"column":4},"end":{"line":89,"column":null}},"25":{"start":{"line":92,"column":2},"end":{"line":96,"column":null}},"26":{"start":{"line":105,"column":2},"end":{"line":124,"column":null}},"27":{"start":{"line":107,"column":46},"end":{"line":107,"column":null}},"28":{"start":{"line":110,"column":23},"end":{"line":110,"column":null}},"29":{"start":{"line":113,"column":16},"end":{"line":113,"column":null}},"30":{"start":{"line":114,"column":21},"end":{"line":114,"column":null}},"31":{"start":{"line":116,"column":4},"end":{"line":119,"column":null}},"32":{"start":{"line":117,"column":6},"end":{"line":117,"column":null}},"33":{"start":{"line":118,"column":6},"end":{"line":118,"column":null}},"34":{"start":{"line":120,"column":4},"end":{"line":120,"column":null}},"35":{"start":{"line":122,"column":4},"end":{"line":122,"column":null}},"36":{"start":{"line":123,"column":4},"end":{"line":123,"column":null}},"37":{"start":{"line":136,"column":2},"end":{"line":139,"column":null}},"38":{"start":{"line":137,"column":4},"end":{"line":137,"column":null}},"39":{"start":{"line":138,"column":4},"end":{"line":138,"column":null}},"40":{"start":{"line":142,"column":20},"end":{"line":142,"column":null}},"41":{"start":{"line":145,"column":2},"end":{"line":179,"column":null}},"42":{"start":{"line":147,"column":22},"end":{"line":147,"column":null}},"43":{"start":{"line":148,"column":4},"end":{"line":166,"column":null}},"44":{"start":{"line":150,"column":26},"end":{"line":150,"column":null}},"45":{"start":{"line":151,"column":37},"end":{"line":151,"column":null}},"46":{"start":{"line":154,"column":6},"end":{"line":156,"column":null}},"47":{"start":{"line":155,"column":8},"end":{"line":155,"column":null}},"48":{"start":{"line":158,"column":6},"end":{"line":165,"column":null}},"49":{"start":{"line":159,"column":8},"end":{"line":159,"column":null}},"50":{"start":{"line":160,"column":8},"end":{"line":164,"column":null}},"51":{"start":{"line":169,"column":25},"end":{"line":169,"column":null}},"52":{"start":{"line":170,"column":23},"end":{"line":172,"column":null}},"53":{"start":{"line":174,"column":4},"end":{"line":178,"column":null}},"54":{"start":{"line":175,"column":6},"end":{"line":175,"column":null}},"55":{"start":{"line":177,"column":6},"end":{"line":177,"column":null}},"56":{"start":{"line":182,"column":24},"end":{"line":182,"column":null}},"57":{"start":{"line":184,"column":2},"end":{"line":190,"column":null}},"58":{"start":{"line":185,"column":4},"end":{"line":189,"column":null}},"59":{"start":{"line":193,"column":2},"end":{"line":193,"column":null}},"60":{"start":{"line":194,"column":2},"end":{"line":194,"column":null}},"61":{"start":{"line":202,"column":2},"end":{"line":205,"column":null}},"62":{"start":{"line":203,"column":4},"end":{"line":203,"column":null}},"63":{"start":{"line":204,"column":4},"end":{"line":204,"column":null}},"64":{"start":{"line":207,"column":2},"end":{"line":233,"column":null}},"65":{"start":{"line":209,"column":24},"end":{"line":209,"column":null}},"66":{"start":{"line":212,"column":21},"end":{"line":212,"column":null}},"67":{"start":{"line":215,"column":50},"end":{"line":215,"column":null}},"68":{"start":{"line":216,"column":4},"end":{"line":220,"column":null}},"69":{"start":{"line":217,"column":20},"end":{"line":217,"column":null}},"70":{"start":{"line":219,"column":6},"end":{"line":219,"column":null}},"71":{"start":{"line":222,"column":23},"end":{"line":222,"column":null}},"72":{"start":{"line":223,"column":4},"end":{"line":223,"column":null}},"73":{"start":{"line":225,"column":4},"end":{"line":229,"column":null}},"74":{"start":{"line":231,"column":4},"end":{"line":231,"column":null}},"75":{"start":{"line":232,"column":4},"end":{"line":232,"column":null}},"76":{"start":{"line":240,"column":15},"end":{"line":240,"column":null}},"77":{"start":{"line":242,"column":2},"end":{"line":251,"column":null}},"78":{"start":{"line":244,"column":6},"end":{"line":244,"column":null}},"79":{"start":{"line":246,"column":6},"end":{"line":246,"column":null}},"80":{"start":{"line":248,"column":6},"end":{"line":248,"column":null}},"81":{"start":{"line":250,"column":6},"end":{"line":250,"column":null}},"82":{"start":{"line":261,"column":31},"end":{"line":261,"column":null}},"83":{"start":{"line":263,"column":2},"end":{"line":265,"column":null}},"84":{"start":{"line":264,"column":4},"end":{"line":264,"column":null}},"85":{"start":{"line":267,"column":2},"end":{"line":267,"column":null}},"86":{"start":{"line":269,"column":18},"end":{"line":271,"column":null}},"87":{"start":{"line":270,"column":45},"end":{"line":270,"column":74}},"88":{"start":{"line":273,"column":2},"end":{"line":273,"column":null}},"89":{"start":{"line":287,"column":30},"end":{"line":287,"column":null}},"90":{"start":{"line":288,"column":30},"end":{"line":288,"column":null}},"91":{"start":{"line":290,"column":2},"end":{"line":315,"column":null}},"92":{"start":{"line":291,"column":4},"end":{"line":293,"column":null}},"93":{"start":{"line":292,"column":6},"end":{"line":292,"column":null}},"94":{"start":{"line":296,"column":4},"end":{"line":299,"column":null}},"95":{"start":{"line":297,"column":6},"end":{"line":297,"column":null}},"96":{"start":{"line":298,"column":6},"end":{"line":298,"column":null}},"97":{"start":{"line":301,"column":4},"end":{"line":314,"column":null}},"98":{"start":{"line":302,"column":6},"end":{"line":313,"column":null}},"99":{"start":{"line":302,"column":19},"end":{"line":302,"column":22}},"100":{"start":{"line":303,"column":27},"end":{"line":303,"column":null}},"101":{"start":{"line":305,"column":26},"end":{"line":305,"column":null}},"102":{"start":{"line":306,"column":22},"end":{"line":308,"column":null}},"103":{"start":{"line":311,"column":8},"end":{"line":311,"column":null}},"104":{"start":{"line":312,"column":8},"end":{"line":312,"column":null}},"105":{"start":{"line":317,"column":2},"end":{"line":320,"column":null}}},"fnMap":{"0":{"name":"(anonymous_0)","decl":{"start":{"line":21,"column":21},"end":{"line":21,"column":33}},"loc":{"start":{"line":21,"column":33},"end":{"line":33,"column":null}},"line":21},"1":{"name":"getAttachmentType","decl":{"start":{"line":68,"column":16},"end":{"line":68,"column":34}},"loc":{"start":{"line":68,"column":68},"end":{"line":73,"column":null}},"line":68},"2":{"name":"isSupportedAttachment","decl":{"start":{"line":78,"column":16},"end":{"line":78,"column":38}},"loc":{"start":{"line":78,"column":76},"end":{"line":80,"column":null}},"line":78},"3":{"name":"processImage","decl":{"start":{"line":86,"column":9},"end":{"line":86,"column":22}},"loc":{"start":{"line":86,"column":72},"end":{"line":97,"column":null}},"line":86},"4":{"name":"extractPdfText","decl":{"start":{"line":104,"column":15},"end":{"line":104,"column":30}},"loc":{"start":{"line":104,"column":91},"end":{"line":125,"column":null}},"line":104},"5":{"name":"processPdf","decl":{"start":{"line":135,"column":15},"end":{"line":135,"column":26}},"loc":{"start":{"line":135,"column":85},"end":{"line":195,"column":null}},"line":135},"6":{"name":"processExcel","decl":{"start":{"line":201,"column":9},"end":{"line":201,"column":22}},"loc":{"start":{"line":201,"column":72},"end":{"line":234,"column":null}},"line":201},"7":{"name":"processAttachment","decl":{"start":{"line":239,"column":22},"end":{"line":239,"column":40}},"loc":{"start":{"line":239,"column":99},"end":{"line":252,"column":null}},"line":239},"8":{"name":"processAllAttachments","decl":{"start":{"line":258,"column":22},"end":{"line":258,"column":null}},"loc":{"start":{"line":260,"column":34},"end":{"line":274,"column":null}},"line":260},"9":{"name":"(anonymous_9)","decl":{"start":{"line":270,"column":29},"end":{"line":270,"column":30}},"loc":{"start":{"line":270,"column":45},"end":{"line":270,"column":74}},"line":270},"10":{"name":"prepareAttachmentsForAI","decl":{"start":{"line":283,"column":16},"end":{"line":283,"column":40}},"loc":{"start":{"line":286,"column":2},"end":{"line":321,"column":null}},"line":286}},"branchMap":{"0":{"loc":{"start":{"line":22,"column":2},"end":{"line":24,"column":null}},"type":"if","locations":[{"start":{"line":22,"column":2},"end":{"line":24,"column":null}},{"start":{},"end":{}}],"line":22},"1":{"loc":{"start":{"line":22,"column":6},"end":{"line":22,"column":52}},"type":"binary-expr","locations":[{"start":{"line":22,"column":6},"end":{"line":22,"column":27}},{"start":{"line":22,"column":27},"end":{"line":22,"column":52}}],"line":22},"2":{"loc":{"start":{"line":29,"column":21},"end":{"line":29,"column":null}},"type":"cond-expr","locations":[{"start":{"line":29,"column":46},"end":{"line":29,"column":54}},{"start":{"line":29,"column":54},"end":{"line":29,"column":null}}],"line":29},"3":{"loc":{"start":{"line":69,"column":2},"end":{"line":69,"column":null}},"type":"if","locations":[{"start":{"line":69,"column":2},"end":{"line":69,"column":null}},{"start":{},"end":{}}],"line":69},"4":{"loc":{"start":{"line":70,"column":2},"end":{"line":70,"column":null}},"type":"if","locations":[{"start":{"line":70,"column":2},"end":{"line":70,"column":null}},{"start":{},"end":{}}],"line":70},"5":{"loc":{"start":{"line":71,"column":2},"end":{"line":71,"column":null}},"type":"if","locations":[{"start":{"line":71,"column":2},"end":{"line":71,"column":null}},{"start":{},"end":{}}],"line":71},"6":{"loc":{"start":{"line":87,"column":2},"end":{"line":90,"column":null}},"type":"if","locations":[{"start":{"line":87,"column":2},"end":{"line":90,"column":null}},{"start":{},"end":{}}],"line":87},"7":{"loc":{"start":{"line":116,"column":4},"end":{"line":119,"column":null}},"type":"if","locations":[{"start":{"line":116,"column":4},"end":{"line":119,"column":null}},{"start":{},"end":{}}],"line":116},"8":{"loc":{"start":{"line":116,"column":8},"end":{"line":116,"column":40}},"type":"binary-expr","locations":[{"start":{"line":116,"column":8},"end":{"line":116,"column":16}},{"start":{"line":116,"column":16},"end":{"line":116,"column":40}}],"line":116},"9":{"loc":{"start":{"line":136,"column":2},"end":{"line":139,"column":null}},"type":"if","locations":[{"start":{"line":136,"column":2},"end":{"line":139,"column":null}},{"start":{},"end":{}}],"line":136},"10":{"loc":{"start":{"line":148,"column":4},"end":{"line":166,"column":null}},"type":"if","locations":[{"start":{"line":148,"column":4},"end":{"line":166,"column":null}},{"start":{},"end":{}}],"line":148},"11":{"loc":{"start":{"line":158,"column":6},"end":{"line":165,"column":null}},"type":"if","locations":[{"start":{"line":158,"column":6},"end":{"line":165,"column":null}},{"start":{},"end":{}}],"line":158},"12":{"loc":{"start":{"line":169,"column":25},"end":{"line":169,"column":null}},"type":"cond-expr","locations":[{"start":{"line":169,"column":50},"end":{"line":169,"column":66}},{"start":{"line":169,"column":66},"end":{"line":169,"column":null}}],"line":169},"13":{"loc":{"start":{"line":170,"column":23},"end":{"line":172,"column":null}},"type":"binary-expr","locations":[{"start":{"line":170,"column":23},"end":{"line":170,"column":null}},{"start":{"line":171,"column":23},"end":{"line":171,"column":null}},{"start":{"line":172,"column":23},"end":{"line":172,"column":null}}],"line":170},"14":{"loc":{"start":{"line":174,"column":4},"end":{"line":178,"column":null}},"type":"if","locations":[{"start":{"line":174,"column":4},"end":{"line":178,"column":null}},{"start":{"line":176,"column":11},"end":{"line":178,"column":null}}],"line":174},"15":{"loc":{"start":{"line":184,"column":2},"end":{"line":190,"column":null}},"type":"if","locations":[{"start":{"line":184,"column":2},"end":{"line":190,"column":null}},{"start":{},"end":{}}],"line":184},"16":{"loc":{"start":{"line":202,"column":2},"end":{"line":205,"column":null}},"type":"if","locations":[{"start":{"line":202,"column":2},"end":{"line":205,"column":null}},{"start":{},"end":{}}],"line":202},"17":{"loc":{"start":{"line":242,"column":2},"end":{"line":251,"column":null}},"type":"switch","locations":[{"start":{"line":243,"column":4},"end":{"line":244,"column":null}},{"start":{"line":245,"column":4},"end":{"line":246,"column":null}},{"start":{"line":247,"column":4},"end":{"line":248,"column":null}},{"start":{"line":249,"column":4},"end":{"line":250,"column":null}}],"line":242},"18":{"loc":{"start":{"line":263,"column":2},"end":{"line":265,"column":null}},"type":"if","locations":[{"start":{"line":263,"column":2},"end":{"line":265,"column":null}},{"start":{},"end":{}}],"line":263},"19":{"loc":{"start":{"line":291,"column":4},"end":{"line":293,"column":null}},"type":"if","locations":[{"start":{"line":291,"column":4},"end":{"line":293,"column":null}},{"start":{},"end":{}}],"line":291},"20":{"loc":{"start":{"line":291,"column":8},"end":{"line":291,"column":61}},"type":"binary-expr","locations":[{"start":{"line":291,"column":8},"end":{"line":291,"column":39}},{"start":{"line":291,"column":39},"end":{"line":291,"column":61}}],"line":291},"21":{"loc":{"start":{"line":296,"column":4},"end":{"line":299,"column":null}},"type":"if","locations":[{"start":{"line":296,"column":4},"end":{"line":299,"column":null}},{"start":{},"end":{}}],"line":296},"22":{"loc":{"start":{"line":296,"column":8},"end":{"line":296,"column":57}},"type":"binary-expr","locations":[{"start":{"line":296,"column":8},"end":{"line":296,"column":37}},{"start":{"line":296,"column":37},"end":{"line":296,"column":57}}],"line":296},"23":{"loc":{"start":{"line":301,"column":4},"end":{"line":314,"column":null}},"type":"if","locations":[{"start":{"line":301,"column":4},"end":{"line":314,"column":null}},{"start":{},"end":{}}],"line":301},"24":{"loc":{"start":{"line":301,"column":8},"end":{"line":301,"column":59}},"type":"binary-expr","locations":[{"start":{"line":301,"column":8},"end":{"line":301,"column":29}},{"start":{"line":301,"column":29},"end":{"line":301,"column":59}}],"line":301},"25":{"loc":{"start":{"line":305,"column":26},"end":{"line":305,"column":null}},"type":"cond-expr","locations":[{"start":{"line":305,"column":54},"end":{"line":305,"column":68}},{"start":{"line":305,"column":68},"end":{"line":305,"column":null}}],"line":305},"26":{"loc":{"start":{"line":306,"column":22},"end":{"line":308,"column":null}},"type":"cond-expr","locations":[{"start":{"line":307,"column":12},"end":{"line":307,"column":null}},{"start":{"line":308,"column":12},"end":{"line":308,"column":null}}],"line":306}},"s":{"0":0,"1":0,"2":0,"3":0,"4":0,"5":0,"6":0,"7":0,"8":0,"9":0,"10":0,"11":0,"12":0,"13":0,"14":0,"15":0,"16":0,"17":0,"18":0,"19":0,"20":0,"21":0,"22":0,"23":0,"24":0,"25":0,"26":0,"27":0,"28":0,"29":0,"30":0,"31":0,"32":0,"33":0,"34":0,"35":0,"36":0,"37":0,"38":0,"39":0,"40":0,"41":0,"42":0,"43":0,"44":0,"45":0,"46":0,"47":0,"48":0,"49":0,"50":0,"51":0,"52":0,"53":0,"54":0,"55":0,"56":0,"57":0,"58":0,"59":0,"60":0,"61":0,"62":0,"63":0,"64":0,"65":0,"66":0,"67":0,"68":0,"69":0,"70":0,"71":0,"72":0,"73":0,"74":0,"75":0,"76":0,"77":0,"78":0,"79":0,"80":0,"81":0,"82":0,"83":0,"84":0,"85":0,"86":0,"87":0,"88":0,"89":0,"90":0,"91":0,"92":0,"93":0,"94":0,"95":0,"96":0,"97":0,"98":0,"99":0,"100":0,"101":0,"102":0,"103":0,"104":0,"105":0},"f":{"0":0,"1":0,"2":0,"3":0,"4":0,"5":0,"6":0,"7":0,"8":0,"9":0,"10":0},"b":{"0":[0,0],"1":[0,0],"2":[0,0],"3":[0,0],"4":[0,0],"5":[0,0],"6":[0,0],"7":[0,0],"8":[0,0],"9":[0,0],"10":[0,0],"11":[0,0],"12":[0,0],"13":[0,0,0],"14":[0,0],"15":[0,0],"16":[0,0],"17":[0,0,0,0],"18":[0,0],"19":[0,0],"20":[0,0],"21":[0,0],"22":[0,0],"23":[0,0],"24":[0,0],"25":[0,0],"26":[0,0]},"meta":{"lastBranch":27,"lastFunction":11,"lastStatement":106,"seen":{"s:17:51:17:Infinity":0,"s:18:35:18:Infinity":1,"s:21:21:33:Infinity":2,"f:21:21:21:33":0,"b:22:2:24:Infinity:undefined:undefined:undefined:undefined":0,"s:22:2:24:Infinity":3,"b:22:6:22:27:22:27:22:52":1,"s:23:4:23:Infinity":4,"s:25:2:32:Infinity":5,"s:26:4:26:Infinity":6,"s:27:4:27:Infinity":7,"s:29:4:29:Infinity":8,"b:29:46:29:54:29:54:29:Infinity":2,"s:30:4:30:Infinity":9,"s:31:4:31:Infinity":10,"s:57:25:57:Infinity":11,"s:58:23:58:Infinity":12,"s:59:25:63:Infinity":13,"f:68:16:68:34":1,"b:69:2:69:Infinity:undefined:undefined:undefined:undefined":3,"s:69:2:69:Infinity":14,"s:69:43:69:Infinity":15,"b:70:2:70:Infinity:undefined:undefined:undefined:undefined":4,"s:70:2:70:Infinity":16,"s:70:41:70:Infinity":17,"b:71:2:71:Infinity:undefined:undefined:undefined:undefined":5,"s:71:2:71:Infinity":18,"s:71:43:71:Infinity":19,"s:72:2:72:Infinity":20,"f:78:16:78:38":2,"s:79:2:79:Infinity":21,"f:86:9:86:22":3,"b:87:2:90:Infinity:undefined:undefined:undefined:undefined":6,"s:87:2:90:Infinity":22,"s:88:4:88:Infinity":23,"s:89:4:89:Infinity":24,"s:92:2:96:Infinity":25,"f:104:15:104:30":4,"s:105:2:124:Infinity":26,"s:107:46:107:Infinity":27,"s:110:23:110:Infinity":28,"s:113:16:113:Infinity":29,"s:114:21:114:Infinity":30,"b:116:4:119:Infinity:undefined:undefined:undefined:undefined":7,"s:116:4:119:Infinity":31,"b:116:8:116:16:116:16:116:40":8,"s:117:6:117:Infinity":32,"s:118:6:118:Infinity":33,"s:120:4:120:Infinity":34,"s:122:4:122:Infinity":35,"s:123:4:123:Infinity":36,"f:135:15:135:26":5,"b:136:2:139:Infinity:undefined:undefined:undefined:undefined":9,"s:136:2:139:Infinity":37,"s:137:4:137:Infinity":38,"s:138:4:138:Infinity":39,"s:142:20:142:Infinity":40,"s:145:2:179:Infinity":41,"s:147:22:147:Infinity":42,"b:148:4:166:Infinity:undefined:undefined:undefined:undefined":10,"s:148:4:166:Infinity":43,"s:150:26:150:Infinity":44,"s:151:37:151:Infinity":45,"s:154:6:156:Infinity":46,"s:155:8:155:Infinity":47,"b:158:6:165:Infinity:undefined:undefined:undefined:undefined":11,"s:158:6:165:Infinity":48,"s:159:8:159:Infinity":49,"s:160:8:164:Infinity":50,"s:169:25:169:Infinity":51,"b:169:50:169:66:169:66:169:Infinity":12,"s:170:23:172:Infinity":52,"b:170:23:170:Infinity:171:23:171:Infinity:172:23:172:Infinity":13,"b:174:4:178:Infinity:176:11:178:Infinity":14,"s:174:4:178:Infinity":53,"s:175:6:175:Infinity":54,"s:177:6:177:Infinity":55,"s:182:24:182:Infinity":56,"b:184:2:190:Infinity:undefined:undefined:undefined:undefined":15,"s:184:2:190:Infinity":57,"s:185:4:189:Infinity":58,"s:193:2:193:Infinity":59,"s:194:2:194:Infinity":60,"f:201:9:201:22":6,"b:202:2:205:Infinity:undefined:undefined:undefined:undefined":16,"s:202:2:205:Infinity":61,"s:203:4:203:Infinity":62,"s:204:4:204:Infinity":63,"s:207:2:233:Infinity":64,"s:209:24:209:Infinity":65,"s:212:21:212:Infinity":66,"s:215:50:215:Infinity":67,"s:216:4:220:Infinity":68,"s:217:20:217:Infinity":69,"s:219:6:219:Infinity":70,"s:222:23:222:Infinity":71,"s:223:4:223:Infinity":72,"s:225:4:229:Infinity":73,"s:231:4:231:Infinity":74,"s:232:4:232:Infinity":75,"f:239:22:239:40":7,"s:240:15:240:Infinity":76,"b:243:4:244:Infinity:245:4:246:Infinity:247:4:248:Infinity:249:4:250:Infinity":17,"s:242:2:251:Infinity":77,"s:244:6:244:Infinity":78,"s:246:6:246:Infinity":79,"s:248:6:248:Infinity":80,"s:250:6:250:Infinity":81,"f:258:22:258:Infinity":8,"s:261:31:261:Infinity":82,"b:263:2:265:Infinity:undefined:undefined:undefined:undefined":18,"s:263:2:265:Infinity":83,"s:264:4:264:Infinity":84,"s:267:2:267:Infinity":85,"s:269:18:271:Infinity":86,"f:270:29:270:30":9,"s:270:45:270:74":87,"s:273:2:273:Infinity":88,"f:283:16:283:40":10,"s:287:30:287:Infinity":89,"s:288:30:288:Infinity":90,"s:290:2:315:Infinity":91,"b:291:4:293:Infinity:undefined:undefined:undefined:undefined":19,"s:291:4:293:Infinity":92,"b:291:8:291:39:291:39:291:61":20,"s:292:6:292:Infinity":93,"b:296:4:299:Infinity:undefined:undefined:undefined:undefined":21,"s:296:4:299:Infinity":94,"b:296:8:296:37:296:37:296:57":22,"s:297:6:297:Infinity":95,"s:298:6:298:Infinity":96,"b:301:4:314:Infinity:undefined:undefined:undefined:undefined":23,"s:301:4:314:Infinity":97,"b:301:8:301:29:301:29:301:59":24,"s:302:6:313:Infinity":98,"s:302:19:302:22":99,"s:303:27:303:Infinity":100,"s:305:26:305:Infinity":101,"b:305:54:305:68:305:68:305:Infinity":25,"s:306:22:308:Infinity":102,"b:307:12:307:Infinity:308:12:308:Infinity":26,"s:311:8:311:Infinity":103,"s:312:8:312:Infinity":104,"s:317:2:320:Infinity":105}}}
,"/Users/tarunkhasnavis/Desktop/kosha/lib/email/handler.ts": {"path":"/Users/tarunkhasnavis/Desktop/kosha/lib/email/handler.ts","statementMap":{"0":{"start":{"line":30,"column":20},"end":{"line":30,"column":null}},"1":{"start":{"line":31,"column":17},"end":{"line":31,"column":null}},"2":{"start":{"line":32,"column":2},"end":{"line":32,"column":null}},"3":{"start":{"line":44,"column":19},"end":{"line":44,"column":null}},"4":{"start":{"line":45,"column":20},"end":{"line":45,"column":null}},"5":{"start":{"line":47,"column":22},"end":{"line":49,"column":null}},"6":{"start":{"line":48,"column":30},"end":{"line":48,"column":41}},"7":{"start":{"line":51,"column":2},"end":{"line":60,"column":null}},"8":{"start":{"line":74,"column":25},"end":{"line":74,"column":null}},"9":{"start":{"line":77,"column":19},"end":{"line":77,"column":null}},"10":{"start":{"line":80,"column":38},"end":{"line":92,"column":null}},"11":{"start":{"line":94,"column":23},"end":{"line":94,"column":null}},"12":{"start":{"line":97,"column":25},"end":{"line":97,"column":null}},"13":{"start":{"line":99,"column":2},"end":{"line":101,"column":null}},"14":{"start":{"line":100,"column":4},"end":{"line":100,"column":null}},"15":{"start":{"line":103,"column":2},"end":{"line":108,"column":null}},"16":{"start":{"line":123,"column":8},"end":{"line":126,"column":null}},"17":{"start":{"line":129,"column":29},"end":{"line":129,"column":null}},"18":{"start":{"line":132,"column":17},"end":{"line":132,"column":null}},"19":{"start":{"line":135,"column":25},"end":{"line":138,"column":null}},"20":{"start":{"line":137,"column":50},"end":{"line":137,"column":64}},"21":{"start":{"line":141,"column":22},"end":{"line":141,"column":null}},"22":{"start":{"line":145,"column":23},"end":{"line":145,"column":null}},"23":{"start":{"line":148,"column":19},"end":{"line":148,"column":null}},"24":{"start":{"line":149,"column":2},"end":{"line":149,"column":null}},"25":{"start":{"line":150,"column":22},"end":{"line":150,"column":null}},"26":{"start":{"line":151,"column":23},"end":{"line":151,"column":null}},"27":{"start":{"line":155,"column":22},"end":{"line":155,"column":null}},"28":{"start":{"line":156,"column":19},"end":{"line":156,"column":null}},"29":{"start":{"line":160,"column":44},"end":{"line":160,"column":null}},"30":{"start":{"line":161,"column":2},"end":{"line":180,"column":null}},"31":{"start":{"line":162,"column":4},"end":{"line":162,"column":null}},"32":{"start":{"line":163,"column":4},"end":{"line":179,"column":null}},"33":{"start":{"line":166,"column":23},"end":{"line":166,"column":null}},"34":{"start":{"line":167,"column":32},"end":{"line":171,"column":null}},"35":{"start":{"line":173,"column":6},"end":{"line":177,"column":null}},"36":{"start":{"line":178,"column":6},"end":{"line":178,"column":null}},"37":{"start":{"line":183,"column":39},"end":{"line":208,"column":null}},"38":{"start":{"line":210,"column":2},"end":{"line":248,"column":null}},"39":{"start":{"line":212,"column":18},"end":{"line":212,"column":null}},"40":{"start":{"line":216,"column":4},"end":{"line":222,"column":null}},"41":{"start":{"line":225,"column":4},"end":{"line":225,"column":null}},"42":{"start":{"line":228,"column":4},"end":{"line":239,"column":null}},"43":{"start":{"line":229,"column":43},"end":{"line":236,"column":null}},"44":{"start":{"line":229,"column":71},"end":{"line":236,"column":8}},"45":{"start":{"line":238,"column":6},"end":{"line":238,"column":null}},"46":{"start":{"line":244,"column":4},"end":{"line":244,"column":null}},"47":{"start":{"line":246,"column":4},"end":{"line":246,"column":null}},"48":{"start":{"line":247,"column":4},"end":{"line":247,"column":null}},"49":{"start":{"line":264,"column":8},"end":{"line":267,"column":null}},"50":{"start":{"line":270,"column":29},"end":{"line":270,"column":null}},"51":{"start":{"line":273,"column":20},"end":{"line":273,"column":null}},"52":{"start":{"line":276,"column":25},"end":{"line":279,"column":null}},"53":{"start":{"line":278,"column":50},"end":{"line":278,"column":64}},"54":{"start":{"line":282,"column":19},"end":{"line":282,"column":null}},"55":{"start":{"line":283,"column":2},"end":{"line":283,"column":null}},"56":{"start":{"line":284,"column":22},"end":{"line":284,"column":null}},"57":{"start":{"line":285,"column":23},"end":{"line":285,"column":null}},"58":{"start":{"line":289,"column":44},"end":{"line":289,"column":null}},"59":{"start":{"line":290,"column":2},"end":{"line":308,"column":null}},"60":{"start":{"line":291,"column":4},"end":{"line":291,"column":null}},"61":{"start":{"line":292,"column":4},"end":{"line":307,"column":null}},"62":{"start":{"line":294,"column":23},"end":{"line":294,"column":null}},"63":{"start":{"line":295,"column":32},"end":{"line":299,"column":null}},"64":{"start":{"line":301,"column":6},"end":{"line":305,"column":null}},"65":{"start":{"line":306,"column":6},"end":{"line":306,"column":null}},"66":{"start":{"line":310,"column":2},"end":{"line":364,"column":null}},"67":{"start":{"line":312,"column":4},"end":{"line":327,"column":null}},"68":{"start":{"line":331,"column":4},"end":{"line":338,"column":null}},"69":{"start":{"line":341,"column":4},"end":{"line":341,"column":null}},"70":{"start":{"line":344,"column":4},"end":{"line":355,"column":null}},"71":{"start":{"line":345,"column":43},"end":{"line":352,"column":null}},"72":{"start":{"line":345,"column":71},"end":{"line":352,"column":8}},"73":{"start":{"line":354,"column":6},"end":{"line":354,"column":null}},"74":{"start":{"line":360,"column":4},"end":{"line":360,"column":null}},"75":{"start":{"line":362,"column":4},"end":{"line":362,"column":null}},"76":{"start":{"line":363,"column":4},"end":{"line":363,"column":null}},"77":{"start":{"line":377,"column":31},"end":{"line":379,"column":null}},"78":{"start":{"line":378,"column":5},"end":{"line":378,"column":null}},"79":{"start":{"line":381,"column":2},"end":{"line":383,"column":null}},"80":{"start":{"line":382,"column":4},"end":{"line":382,"column":null}},"81":{"start":{"line":385,"column":2},"end":{"line":385,"column":null}},"82":{"start":{"line":388,"column":20},"end":{"line":388,"column":null}},"83":{"start":{"line":390,"column":2},"end":{"line":390,"column":null}},"84":{"start":{"line":391,"column":2},"end":{"line":391,"column":null}},"85":{"start":{"line":419,"column":22},"end":{"line":429,"column":null}},"86":{"start":{"line":431,"column":2},"end":{"line":439,"column":null}},"87":{"start":{"line":433,"column":4},"end":{"line":433,"column":null}},"88":{"start":{"line":434,"column":4},"end":{"line":438,"column":null}},"89":{"start":{"line":442,"column":18},"end":{"line":442,"column":null}},"90":{"start":{"line":443,"column":2},"end":{"line":443,"column":null}},"91":{"start":{"line":445,"column":2},"end":{"line":571,"column":null}},"92":{"start":{"line":447,"column":22},"end":{"line":447,"column":null}},"93":{"start":{"line":448,"column":115},"end":{"line":448,"column":null}},"94":{"start":{"line":451,"column":54},"end":{"line":451,"column":null}},"95":{"start":{"line":453,"column":4},"end":{"line":453,"column":null}},"96":{"start":{"line":454,"column":4},"end":{"line":456,"column":null}},"97":{"start":{"line":455,"column":6},"end":{"line":455,"column":null}},"98":{"start":{"line":458,"column":4},"end":{"line":485,"column":null}},"99":{"start":{"line":459,"column":6},"end":{"line":482,"column":null}},"100":{"start":{"line":460,"column":8},"end":{"line":460,"column":null}},"101":{"start":{"line":461,"column":8},"end":{"line":461,"column":null}},"102":{"start":{"line":462,"column":8},"end":{"line":464,"column":null}},"103":{"start":{"line":463,"column":10},"end":{"line":463,"column":null}},"104":{"start":{"line":467,"column":8},"end":{"line":478,"column":null}},"105":{"start":{"line":468,"column":10},"end":{"line":468,"column":null}},"106":{"start":{"line":469,"column":31},"end":{"line":474,"column":null}},"107":{"start":{"line":475,"column":10},"end":{"line":475,"column":null}},"108":{"start":{"line":477,"column":10},"end":{"line":477,"column":null}},"109":{"start":{"line":480,"column":8},"end":{"line":480,"column":null}},"110":{"start":{"line":484,"column":6},"end":{"line":484,"column":null}},"111":{"start":{"line":488,"column":26},"end":{"line":488,"column":null}},"112":{"start":{"line":493,"column":4},"end":{"line":500,"column":null}},"113":{"start":{"line":494,"column":32},"end":{"line":494,"column":null}},"114":{"start":{"line":495,"column":6},"end":{"line":499,"column":null}},"115":{"start":{"line":496,"column":8},"end":{"line":496,"column":null}},"116":{"start":{"line":497,"column":8},"end":{"line":497,"column":null}},"117":{"start":{"line":498,"column":8},"end":{"line":498,"column":null}},"118":{"start":{"line":504,"column":27},"end":{"line":504,"column":null}},"119":{"start":{"line":505,"column":38},"end":{"line":505,"column":null}},"120":{"start":{"line":506,"column":4},"end":{"line":514,"column":null}},"121":{"start":{"line":507,"column":6},"end":{"line":507,"column":null}},"122":{"start":{"line":508,"column":6},"end":{"line":510,"column":null}},"123":{"start":{"line":509,"column":8},"end":{"line":509,"column":null}},"124":{"start":{"line":512,"column":6},"end":{"line":512,"column":null}},"125":{"start":{"line":513,"column":6},"end":{"line":513,"column":null}},"126":{"start":{"line":517,"column":50},"end":{"line":517,"column":null}},"127":{"start":{"line":518,"column":4},"end":{"line":526,"column":null}},"128":{"start":{"line":519,"column":6},"end":{"line":519,"column":null}},"129":{"start":{"line":520,"column":6},"end":{"line":522,"column":null}},"130":{"start":{"line":521,"column":8},"end":{"line":521,"column":null}},"131":{"start":{"line":524,"column":6},"end":{"line":524,"column":null}},"132":{"start":{"line":525,"column":6},"end":{"line":525,"column":null}},"133":{"start":{"line":529,"column":10},"end":{"line":529,"column":null}},"134":{"start":{"line":533,"column":4},"end":{"line":564,"column":null}},"135":{"start":{"line":535,"column":27},"en
[...]
"start":{"line":18,"column":22},"end":{"line":18,"column":86}},"loc":{"start":{"line":18,"column":86},"end":{"line":39,"column":null}},"line":18},"1":{"name":"getProduct","decl":{"start":{"line":44,"column":22},"end":{"line":44,"column":33}},"loc":{"start":{"line":44,"column":106},"end":{"line":66,"column":null}},"line":44},"2":{"name":"createProduct","decl":{"start":{"line":71,"column":22},"end":{"line":71,"column":null}},"loc":{"start":{"line":73,"column":56},"end":{"line":108,"column":null}},"line":73},"3":{"name":"updateProduct","decl":{"start":{"line":113,"column":22},"end":{"line":113,"column":null}},"loc":{"start":{"line":116,"column":56},"end":{"line":154,"column":null}},"line":116},"4":{"name":"deleteProduct","decl":{"start":{"line":159,"column":22},"end":{"line":159,"column":36}},"loc":{"start":{"line":159,"column":102},"end":{"line":185,"column":null}},"line":159},"5":{"name":"toggleProductActive","decl":{"start":{"line":190,"column":22},"end":{"line":190,"column":null}},"loc":{"start":{"line":193,"column":49},"end":{"line":196,"column":null}},"line":193},"6":{"name":"importProducts","decl":{"start":{"line":202,"column":22},"end":{"line":202,"column":null}},"loc":{"start":{"line":204,"column":83},"end":{"line":287,"column":null}},"line":204},"7":{"name":"(anonymous_7)","decl":{"start":{"line":227,"column":33},"end":{"line":227,"column":38}},"loc":{"start":{"line":227,"column":38},"end":{"line":227,"column":65}},"line":227},"8":{"name":"searchProducts","decl":{"start":{"line":292,"column":22},"end":{"line":292,"column":null}},"loc":{"start":{"line":295,"column":52},"end":{"line":320,"column":null}},"line":295}},"branchMap":{"0":{"loc":{"start":{"line":21,"column":2},"end":{"line":23,"column":null}},"type":"if","locations":[{"start":{"line":21,"column":2},"end":{"line":23,"column":null}},{"start":{},"end":{}}],"line":21},"1":{"loc":{"start":{"line":33,"column":2},"end":{"line":36,"column":null}},"type":"if","locations":[{"start":{"line":33,"column":2},"end":{"line":36,"column":null}},{"start":{},"end":{}}],"line":33},"2":{"loc":{"start":{"line":38,"column":21},"end":{"line":38,"column":32}},"type":"binary-expr","locations":[{"start":{"line":38,"column":21},"end":{"line":38,"column":29}},{"start":{"line":38,"column":29},"end":{"line":38,"column":32}}],"line":38},"3":{"loc":{"start":{"line":47,"column":2},"end":{"line":49,"column":null}},"type":"if","locations":[{"start":{"line":47,"column":2},"end":{"line":49,"column":null}},{"start":{},"end":{}}],"line":47},"4":{"loc":{"start":{"line":60,"column":2},"end":{"line":63,"column":null}},"type":"if","locations":[{"start":{"line":60,"column":2},"end":{"line":63,"column":null}},{"start":{},"end":{}}],"line":60},"5":{"loc":{"start":{"line":75,"column":2},"end":{"line":77,"column":null}},"type":"if","locations":[{"start":{"line":75,"column":2},"end":{"line":77,"column":null}},{"start":{},"end":{}}],"line":75},"6":{"loc":{"start":{"line":80,"column":2},"end":{"line":82,"column":null}},"type":"if","locations":[{"start":{"line":80,"column":2},"end":{"line":82,"column":null}},{"start":{},"end":{}}],"line":80},"7":{"loc":{"start":{"line":93,"column":17},"end":{"line":93,"column":null}},"type":"binary-expr","locations":[{"start":{"line":93,"column":17},"end":{"line":93,"column":36}},{"start":{"line":93,"column":36},"end":{"line":93,"column":null}}],"line":93},"8":{"loc":{"start":{"line":98,"column":2},"end":{"line":104,"column":null}},"type":"if","locations":[{"start":{"line":98,"column":2},"end":{"line":104,"column":null}},{"start":{},"end":{}}],"line":98},"9":{"loc":{"start":{"line":100,"column":4},"end":{"line":102,"column":null}},"type":"if","locations":[{"start":{"line":100,"column":4},"end":{"line":102,"column":null}},{"start":{},"end":{}}],"line":100},"10":{"loc":{"start":{"line":118,"column":2},"end":{"line":120,"column":null}},"type":"if","locations":[{"start":{"line":118,"column":2},"end":{"line":120,"column":null}},{"start":{},"end":{}}],"line":118},"11":{"loc":{"start":{"line":123,"column":2},"end":{"line":125,"column":null}},"type":"if","locations":[{"start":{"line":123,"column":2},"end":{"line":125,"column":null}},{"start":{},"end":{}}],"line":123},"12":{"loc":{"start":{"line":131,"column":2},"end":{"line":131,"column":null}},"type":"if","locations":[{"start":{"line":131,"column":2},"end":{"line":131,"column":null}},{"start":{},"end":{}}],"line":131},"13":{"loc":{"start":{"line":132,"column":2},"end":{"line":132,"column":null}},"type":"if","locations":[{"start":{"line":132,"column":2},"end":{"line":132,"column":null}},{"start":{},"end":{}}],"line":132},"14":{"loc":{"start":{"line":133,"column":2},"end":{"line":133,"column":null}},"type":"if","locations":[{"start":{"line":133,"column":2},"end":{"line":133,"column":null}},{"start":{},"end":{}}],"line":133},"15":{"loc":{"start":{"line":134,"column":2},"end":{"line":134,"column":null}},"type":"if","locations":[{"start":{"line":134,"column":2},"end":{"line":134,"column":null}},{"start":{},"end":{}}],"line":134},"16":{"loc":{"start":{"line":144,"column":2},"end":{"line":150,"column":null}},"type":"if","locations":[{"start":{"line":144,"column":2},"end":{"line":150,"column":null}},{"start":{},"end":{}}],"line":144},"17":{"loc":{"start":{"line":146,"column":4},"end":{"line":148,"column":null}},"type":"if","locations":[{"start":{"line":146,"column":4},"end":{"line":148,"column":null}},{"start":{},"end":{}}],"line":146},"18":{"loc":{"start":{"line":161,"column":2},"end":{"line":163,"column":null}},"type":"if","locations":[{"start":{"line":161,"column":2},"end":{"line":163,"column":null}},{"start":{},"end":{}}],"line":161},"19":{"loc":{"start":{"line":166,"column":2},"end":{"line":168,"column":null}},"type":"if","locations":[{"start":{"line":166,"column":2},"end":{"line":168,"column":null}},{"start":{},"end":{}}],"line":166},"20":{"loc":{"start":{"line":178,"column":2},"end":{"line":181,"column":null}},"type":"if","locations":[{"start":{"line":178,"column":2},"end":{"line":181,"column":null}},{"start":{},"end":{}}],"line":178},"21":{"loc":{"start":{"line":206,"column":2},"end":{"line":208,"column":null}},"type":"if","locations":[{"start":{"line":206,"column":2},"end":{"line":208,"column":null}},{"start":{},"end":{}}],"line":206},"22":{"loc":{"start":{"line":211,"column":2},"end":{"line":213,"column":null}},"type":"if","locations":[{"start":{"line":211,"column":2},"end":{"line":213,"column":null}},{"start":{},"end":{}}],"line":211},"23":{"loc":{"start":{"line":227,"column":5},"end":{"line":227,"column":29}},"type":"binary-expr","locations":[{"start":{"line":227,"column":5},"end":{"line":227,"column":25}},{"start":{"line":227,"column":25},"end":{"line":227,"column":29}}],"line":227},"24":{"loc":{"start":{"line":235,"column":4},"end":{"line":238,"column":null}},"type":"if","locations":[{"start":{"line":235,"column":4},"end":{"line":238,"column":null}},{"start":{},"end":{}}],"line":235},"25":{"loc":{"start":{"line":235,"column":8},"end":{"line":235,"column":31}},"type":"binary-expr","locations":[{"start":{"line":235,"column":8},"end":{"line":235,"column":20}},{"start":{"line":235,"column":20},"end":{"line":235,"column":31}}],"line":235},"26":{"loc":{"start":{"line":240,"column":22},"end":{"line":242,"column":null}},"type":"cond-expr","locations":[{"start":{"line":241,"column":8},"end":{"line":241,"column":null}},{"start":{"line":242,"column":8},"end":{"line":242,"column":null}}],"line":240},"27":{"loc":{"start":{"line":244,"column":4},"end":{"line":247,"column":null}},"type":"if","locations":[{"start":{"line":244,"column":4},"end":{"line":247,"column":null}},{"start":{},"end":{}}],"line":244},"28":{"loc":{"start":{"line":244,"column":8},"end":{"line":244,"column":43}},"type":"binary-expr","locations":[{"start":{"line":244,"column":8},"end":{"line":244,"column":28}},{"start":{"line":244,"column":28},"end":{"line":244,"column":43}}],"line":244},"29":{"loc":{"start":{"line":253,"column":4},"end":{"line":282,"column":null}},"type":"if","locations":[{"start":{"line":253,"column":4},"end":{"line":282,"column":null}},{"start":{"line":265,"column":11},"end":{"line":282,"column":null}}],"line":253},"30":{"loc":{"start":{"line":260,"column":6},"end":{"line":264,"column":null}},"type":"if","locations":[{"start":{"line":260,"column":6},"end":{"line":264,"column":null}},{"start":{"line":262,"column":13},"end":{"line":264,"column":null}}],"line":260},"31":{"loc":{"start":{"line":277,"column":6},"end":{"line":281,"column":null}},"type":"if","locations":[{"start":{"line":277,"column":6},"end":{"line":281,"column":null}},{"start":{"line":279,"column":13},"end":{"line":281,"column":null}}],"line":277},"32":{"loc":{"start":{"line":294,"column":2},"end":{"line":294,"column":null}},"type":"default-arg","locations":[{"start":{"line":294,"column":18},"end":{"line":294,"column":null}}],"line":294},"33":{"loc":{"start":{"line":298,"column":2},"end":{"line":300,"column":null}},"type":"if","locations":[{"start":{"line":298,"column":2},"end":{"line":300,"column":null}},{"start":{},"end":{}}],"line":298},"34":{"loc":{"start":{"line":314,"column":2},"end":{"line":317,"column":null}},"type":"if","locations":[{"start":{"line":314,"column":2},"end":{"line":317,"column":null}},{"start":{},"end":{}}],"line":314},"35":{"loc":{"start":{"line":319,"column":21},"end":{"line":319,"column":32}},"type":"binary-expr","locations":[{"start":{"line":319,"column":21},"end":{"line":319,"column":29}},{"start":{"line":319,"column":29},"end":{"line":319,"column":32}}],"line":319}},"s":{"0":0,"1":0,"2":0,"3":0,"4":0,"5":0,"6":0,"7":0,"8":0,"9":0,"10":0,"11":0,"12":0,"13":0,"14":0,"15":0,"16":0,"17":0,"18":0,"19":0,"20":0,"21":0,"22":0,"23":0,"24":0,"25":0,"26":0,"27":0,"28":0,"29":0,"30":0,"31":0,"32":0,"33":0,"34":0,"35":0,"36":0,"37":0,"38":0,"39":0,"40":0,"41":0,"42":0,"43":0,"44":0,"45":0,"46":0,"47":0,"48":0,"49":0,"50":0,"51":0,"52":0,"53":0,"54":0,"55":0,"56":0,"57":0,"58":0,"59":0,"60":0,"61":0,"62":0,"63":0,"64":0,"65":0,"66":0,"67":0,"68":0,"69":0,"70":0,"71":0,"72":0,"73":0,"74":0,"75":0,"76":0,"77":0,"78":0,"79":0,"80":0,"81":0,"82":0,"83":0,"84":0,"85":0,"86":0,"87":0,"88":0,"89":0,"90":0,"91":0,"92":0,"93":0,"94":0,"95":0,"96":0,"97":0,"98":0,"99":0,"100":0,"101":0,"102":0,"103":0,"104":0,"105":0,"106":0,"107":0,"108":0,"109":0,"110":0,"111":0,"112":0,"113":0,"114":0,"115":0,"116":0,"117":0,"118":0,"119":0},"f":{"0":0,"1":0,"2":0,"3":0,"4":0,"5":0,"6":0,"7":0,"8":0},"b":{"0":[0,0],"1":[0,0],"2":[0,0],"3":[0,0],"4":[0,0],"5":[0,0],"6":[0,0],"7":[0,0],"8":[0,0],"9":[0,0],"10":[0,0],"11":[0,0],"12":[0,0],"13":[0,0],"14":[0,0],"15":[0,0],"16":[0,0],"17":[0,0],"18":[0,0],"19":[0,0],"20":[0,0],"21":[0,0],"22":[0,0],"23":[0,0],"24":[0,0],"25":[0,0],"26":[0,0],"27":[0,0],"28":[0,0],"29":[0,0],"30":[0,0],"31":[0,0],"32":[0],"33":[0,0],"34":[0,0],"35":[0,0]},"meta":{"lastBranch":36,"lastFunction":9,"lastStatement":120,"seen":{"f:18:22:18:86":0,"s:19:16:19:Infinity":0,"b:21:2:23:Infinity:undefined:undefined:undefined:undefined":0,"s:21:2:23:Infinity":1,"s:22:4:22:Infinity":2,"s:25:19:25:Infinity":3,"s:27:26:31:Infinity":4,"b:33:2:36:Infinity:undefined:undefined:undefined:undefined":1,"s:33:2:36:Infinity":5,"s:34:4:34:Infinity":6,"s:35:4:35:Infinity":7,"s:38:2:38:Infinity":8,"b:38:21:38:29:38:29:38:32":2,"f:44:22:44:33":1,"s:45:16:45:Infinity":9,"b:47:2:49:Infinity:undefined:undefined:undefined:undefined":3,"s:47:2:49:Infinity":10,"s:48:4:48:Infinity":11,"s:51:19:51:Infinity":12,"s:53:26:58:Infinity":13,"b:60:2:63:Infinity:undefined:undefined:undefined:undefined":4,"s:60:2:63:Infinity":14,"s:61:4:61:Infinity":15,"s:62:4:62:Infinity":16,"s:65:2:65:Infinity":17,"f:71:22:71:Infinity":2,"s:74:15:74:Infinity":18,"b:75:2:77:Infinity:undefined:undefined:undefined:undefined":5,"s:75:2:77:Infinity":19,"s:76:4:76:Infinity":20,"s:79:16:79:Infinity":21,"b:80:2:82:Infinity:undefined:undefined:undefined:undefined":6,"s:80:2:82:Infinity":22,"s:81:4:81:Infinity":23,"s:84:19:84:Infinity":24,"s:86:26:96:Infinity":25,"b:93:17:93:36:93:36:93:Infinity":7,"b:98:2:104:Infinity:undefined:undefined:undefined:undefined":8,"s:98:2:104:Infinity":26,"s:99:4:99:Infinity":27,"b:100:4:102:Infinity:undefined:undefined:undefined:undefined":9,"s:100:4:102:Infinity":28,"s:101:6:101:Infinity":29,"s:103:4:103:Infinity":30,"s:106:2:106:Infinity":31,"s:107:2:107:Infinity":32,"f:113:22:113:Infinity":3,"s:117:15:117:Infinity":33,"b:118:2:120:Infinity:undefined:undefined:undefined:undefined":10,"s:118:2:120:Infinity":34,"s:119:4:119:Infinity":35,"s:122:16:122:Infinity":36,"b:123:2:125:Infinity:undefined:undefined:undefined:undefined":11,"s:123:2:125:Infinity":37,"s:124:4:124:Infinity":38,"s:127:19:127:Infinity":39,"s:130:46:130:Infinity":40,"b:131:2:131:Infinity:undefined:undefined:undefined:undefined":12,"s:131:2:131:Infinity":41,"s:131:31:131:Infinity":42,"b:132:2:132:Infinity:undefined:undefined:undefined:undefined":13,"s:132:2:132:Infinity":43,"s:132:32:132:Infinity":44,"b:133:2:133:Infinity:undefined:undefined:undefined:undefined":14,"s:133:2:133:Infinity":45,"s:133:38:133:Infinity":46,"b:134:2:134:Infinity:undefined:undefined:undefined:undefined":15,"s:134:2:134:Infinity":47,"s:134:37:134:Infinity":48,"s:136:26:142:Infinity":49,"b:144:2:150:Infinity:undefined:undefined:undefined:undefined":16,"s:144:2:150:Infinity":50,"s:145:4:145:Infinity":51,"b:146:4:148:Infinity:undefined:undefined:undefined:undefined":17,"s:146:4:148:Infinity":52,"s:147:6:147:Infinity":53,"s:149:4:149:Infinity":54,"s:152:2:152:Infinity":55,"s:153:2:153:Infinity":56,"f:159:22:159:36":4,"s:160:15:160:Infinity":57,"b:161:2:163:Infinity:undefined:undefined:undefined:undefined":18,"s:161:2:163:Infinity":58,"s:162:4:162:Infinity":59,"s:165:16:165:Infinity":60,"b:166:2:168:Infinity:undefined:undefined:undefined:undefined":19,"s:166:2:168:Infinity":61,"s:167:4:167:Infinity":62,"s:170:19:170:Infinity":63,"s:172:20:176:Infinity":64,"b:178:2:181:Infinity:undefined:undefined:undefined:undefined":20,"s:178:2:181:Infinity":65,"s:179:4:179:Infinity":66,"s:180:4:180:Infinity":67,"s:183:2:183:Infinity":68,"s:184:2:184:Infinity":69,"f:190:22:190:Infinity":5,"s:194:17:194:Infinity":70,"s:195:2:195:Infinity":71,"f:202:22:202:Infinity":6,"s:205:15:205:Infinity":72,"b:206:2:208:Infinity:undefined:undefined:undefined:undefined":21,"s:206:2:208:Infinity":73,"s:207:4:207:Infinity":74,"s:210:16:210:Infinity":75,"b:211:2:213:Infinity:undefined:undefined:undefined:undefined":22,"s:211:2:213:Infinity":76,"s:212:4:212:Infinity":77,"s:215:19:215:Infinity":78,"s:216:27:216:Infinity":79,"s:217:16:217:Infinity":80,"s:218:16:218:Infinity":81,"s:221:37:224:Infinity":82,"s:226:25:228:Infinity":83,"b:227:5:227:25:227:25:227:29":23,"f:227:33:227:38":7,"s:227:38:227:65":84,"s:230:2:283:Infinity":85,"s:230:15:230:18":86,"s:231:16:231:Infinity":87,"s:232:19:232:Infinity":88,"b:235:4:238:Infinity:undefined:undefined:undefined:undefined":24,"s:235:4:238:Infinity":89,"b:235:8:235:20:235:20:235:31":25,"s:236:6:236:Infinity":90,"s:237:6:237:Infinity":91,"s:240:22:242:Infinity":92,"b:241:8:241:Infinity:242:8:242:Infinity":26,"b:244:4:247:Infinity:undefined:undefined:undefined:undefined":27,"s:244:4:247:Infinity":93,"b:244:8:244:28:244:28:244:43":28,"s:245:6:245:Infinity":94,"s:246:6:246:Infinity":95,"s:249:16:249:Infinity":96,"s:250:17:250:Infinity":97,"s:251:23:251:Infinity":98,"b:253:4:282:Infinity:265:11:282:Infinity":29,"s:253:4:282:Infinity":99,"s:255:24:258:Infinity":100,"b:260:6:264:Infinity:262:13:264:Infinity":30,"s:260:6:264:Infinity":101,"s:261:8:261:Infinity":102,"s:263:8:263:Infinity":103,"s:267:24:275:Infinity":104,"b:277:6:281:Infinity:279:13:281:Infinity":31,"s:277:6:281:Infinity":105,"s:278:8:278:Infinity":106,"s:280:8:280:Infinity":107,"s:285:2:285:Infinity":108,"s:286:2:286:Infinity":109,"f:292:22:292:Infinity":8,"b:294:18:294:Infinity":32,"s:296:16:296:Infinity":110,"b:298:2:300:Infinity:undefined:undefined:undefined:undefined":33,"s:298:2:300:Infinity":111,"s:299:4:299:Infinity":112,"s:302:19:302:Infinity":113,"s:303:21:303:Infinity":114,"s:305:26:312:Infinity":115,"b:314:2:317:Infinity:undefined:undefined:undefined:undefined":34,"s:314:2:317:Infinity":116,"s:315:4:315:Infinity":117,"s:316:4:316:Infinity":118,"s:319:2:319:Infinity":119,"b:319:21:319:29:319:29:319:32":35}}}
,"/Users/tarunkhasnavis/Desktop/kosha/utils/supabase/client.ts": {"path":"/Users/tarunkhasnavis/Desktop/kosha/utils/supabase/client.ts","statementMap":{"0":{"start":{"line":4,"column":2},"end":{"line":7,"column":null}}},"fnMap":{"0":{"name":"createClient","decl":{"start":{"line":3,"column":16},"end":{"line":3,"column":31}},"loc":{"start":{"line":3,"column":31},"end":{"line":8,"column":null}},"line":3}},"branchMap":{},"s":{"0":0},"f":{"0":0},"b":{},"meta":{"lastBranch":0,"lastFunction":1,"lastStatement":1,"seen":{"f:3:16:3:31":0,"s:4:2:7:Infinity":0}}}
,"/Users/tarunkhasnavis/Desktop/kosha/utils/supabase/server.ts": {"path":"/Users/tarunkhasnavis/Desktop/kosha/utils/supabase/server.ts","statementMap":{"0":{"start":{"line":5,"column":22},"end":{"line":5,"column":null}},"1":{"start":{"line":7,"column":2},"end":{"line":28,"column":null}},"2":{"start":{"line":13,"column":10},"end":{"line":13,"column":null}},"3":{"start":{"line":16,"column":10},"end":{"line":24,"column":null}},"4":{"start":{"line":17,"column":12},"end":{"line":19,"column":null}},"5":{"start":{"line":18,"column":14},"end":{"line":18,"column":null}}},"fnMap":{"0":{"name":"createClient","decl":{"start":{"line":4,"column":22},"end":{"line":4,"column":37}},"loc":{"start":{"line":4,"column":37},"end":{"line":29,"column":null}},"line":4},"1":{"name":"(anonymous_1)","decl":{"start":{"line":12,"column":8},"end":{"line":12,"column":17}},"loc":{"start":{"line":12,"column":17},"end":{"line":14,"column":null}},"line":12},"2":{"name":"(anonymous_2)","decl":{"start":{"line":15,"column":8},"end":{"line":15,"column":15}},"loc":{"start":{"line":15,"column":29},"end":{"line":25,"column":null}},"line":15},"3":{"name":"(anonymous_3)","decl":{"start":{"line":17,"column":33},"end":{"line":17,"column":34}},"loc":{"start":{"line":18,"column":14},"end":{"line":18,"column":null}},"line":18}},"branchMap":{},"s":{"0":0,"1":0,"2":0,"3":0,"4":0,"5":0},"f":{"0":0,"1":0,"2":0,"3":0},"b":{},"meta":{"lastBranch":0,"lastFunction":4,"lastStatement":6,"seen":{"f:4:22:4:37":0,"s:5:22:5:Infinity":0,"s:7:2:28:Infinity":1,"f:12:8:12:17":1,"s:13:10:13:Infinity":2,"f:15:8:15:15":2,"s:16:10:24:Infinity":3,"s:17:12:19:Infinity":4,"f:17:33:17:34":3,"s:18:14:18:Infinity":5}}}
,"/Users/tarunkhasnavis/Desktop/kosha/utils/supabase/service.ts": {"path":"/Users/tarunkhasnavis/Desktop/kosha/utils/supabase/service.ts","statementMap":{"0":{"start":{"line":12,"column":22},"end":{"line":12,"column":null}},"1":{"start":{"line":13,"column":29},"end":{"line":13,"column":null}},"2":{"start":{"line":15,"column":2},"end":{"line":17,"column":null}},"3":{"start":{"line":16,"column":4},"end":{"line":16,"column":null}},"4":{"start":{"line":19,"column":2},"end":{"line":24,"column":null}}},"fnMap":{"0":{"name":"createServiceClient","decl":{"start":{"line":11,"column":16},"end":{"line":11,"column":38}},"loc":{"start":{"line":11,"column":38},"end":{"line":25,"column":null}},"line":11}},"branchMap":{"0":{"loc":{"start":{"line":15,"column":2},"end":{"line":17,"column":null}},"type":"if","locations":[{"start":{"line":15,"column":2},"end":{"line":17,"column":null}},{"start":{},"end":{}}],"line":15},"1":{"loc":{"start":{"line":15,"column":6},"end":{"line":15,"column":43}},"type":"binary-expr","locations":[{"start":{"line":15,"column":6},"end":{"line":15,"column":22}},{"start":{"line":15,"column":22},"end":{"line":15,"column":43}}],"line":15}},"s":{"0":0,"1":0,"2":0,"3":0,"4":0},"f":{"0":0},"b":{"0":[0,0],"1":[0,0]},"meta":{"lastBranch":2,"lastFunction":1,"lastStatement":5,"seen":{"f:11:16:11:38":0,"s:12:22:12:Infinity":0,"s:13:29:13:Infinity":1,"b:15:2:17:Infinity:undefined:undefined:undefined:undefined":0,"s:15:2:17:Infinity":2,"b:15:6:15:22:15:22:15:43":1,"s:16:4:16:Infinity":3,"s:19:2:24:Infinity":4}}}
}
